<?xml version="1.0" encoding="UTF-8"?>
<testsuite name="features.CucumberFeaturesTestRunner" tests="69" skipped="0" failures="0" errors="0" timestamp="2023-11-14T19:16:07" hostname="macbook-air-3" time="245.746">
  <properties/>
  <testcase name="Update a project's title and description #1" classname="features.CucumberFeaturesTestRunner" time="7.262"/>
  <testcase name="Update a project's title and description #2" classname="features.CucumberFeaturesTestRunner" time="3.553"/>
  <testcase name="Mark a project as completed" classname="features.CucumberFeaturesTestRunner" time="3.698"/>
  <testcase name="Update completed to invalid value" classname="features.CucumberFeaturesTestRunner" time="3.724"/>
  <testcase name="Create a category #1" classname="features.CucumberFeaturesTestRunner" time="3.5"/>
  <testcase name="Create a category #2" classname="features.CucumberFeaturesTestRunner" time="3.439"/>
  <testcase name="Create a category that has already been created #1" classname="features.CucumberFeaturesTestRunner" time="3.586"/>
  <testcase name="Create a category that has already been created #2" classname="features.CucumberFeaturesTestRunner" time="3.485"/>
  <testcase name="Create a category with an empty title" classname="features.CucumberFeaturesTestRunner" time="3.386"/>
  <testcase name="Update a categories title and description #1" classname="features.CucumberFeaturesTestRunner" time="3.796"/>
  <testcase name="Update a categories title and description #2" classname="features.CucumberFeaturesTestRunner" time="3.572"/>
  <testcase name="update a category with only the title #1" classname="features.CucumberFeaturesTestRunner" time="3.651"/>
  <testcase name="update a category with only the title #2" classname="features.CucumberFeaturesTestRunner" time="3.483"/>
  <testcase name="Update a category with empty title" classname="features.CucumberFeaturesTestRunner" time="3.436"/>
  <testcase name="Get all categories #1" classname="features.CucumberFeaturesTestRunner" time="3.517"/>
  <testcase name="Get all categories #2" classname="features.CucumberFeaturesTestRunner" time="3.489"/>
  <testcase name="Get all categories #3" classname="features.CucumberFeaturesTestRunner" time="3.635"/>
  <testcase name="Get all categories with a specific title" classname="features.CucumberFeaturesTestRunner" time="3.561"/>
  <testcase name="Get all categories with the wrong endpoint" classname="features.CucumberFeaturesTestRunner" time="3.428"/>
  <testcase name="Delete a category" classname="features.CucumberFeaturesTestRunner" time="3.493"/>
  <testcase name="Delete a category that has an empty description" classname="features.CucumberFeaturesTestRunner" time="3.658"/>
  <testcase name="Delete a category that does not exist" classname="features.CucumberFeaturesTestRunner" time="3.482"/>
  <testcase name="Get a specific category that #1" classname="features.CucumberFeaturesTestRunner" time="3.47"/>
  <testcase name="Get a specific category that #2" classname="features.CucumberFeaturesTestRunner" time="3.471"/>
  <testcase name="Get a specific category that #3" classname="features.CucumberFeaturesTestRunner" time="3.644"/>
  <testcase name="Get a category that has an empty description" classname="features.CucumberFeaturesTestRunner" time="3.447"/>
  <testcase name="Get a category that does not exist" classname="features.CucumberFeaturesTestRunner" time="3.499"/>
  <testcase name="Create a todo #1" classname="features.CucumberFeaturesTestRunner" time="3.409"/>
  <testcase name="Create a todo #2" classname="features.CucumberFeaturesTestRunner" time="3.418"/>
  <testcase name="Create a todo that has already been completed #1" classname="features.CucumberFeaturesTestRunner" time="3.656"/>
  <testcase name="Create a todo that has already been completed #2" classname="features.CucumberFeaturesTestRunner" time="3.405"/>
  <testcase name="Create a todo with an empty title" classname="features.CucumberFeaturesTestRunner" time="3.396"/>
  <testcase name="Update a todo's title and description #1" classname="features.CucumberFeaturesTestRunner" time="3.416"/>
  <testcase name="Update a todo's title and description #2" classname="features.CucumberFeaturesTestRunner" time="3.409"/>
  <testcase name="Mark a tasks as done #1" classname="features.CucumberFeaturesTestRunner" time="3.652"/>
  <testcase name="Mark a tasks as done #2" classname="features.CucumberFeaturesTestRunner" time="3.419"/>
  <testcase name="Update doneStatus to invalid value" classname="features.CucumberFeaturesTestRunner" time="3.441"/>
  <testcase name="Get all todos #1" classname="features.CucumberFeaturesTestRunner" time="3.48"/>
  <testcase name="Get all todos #2" classname="features.CucumberFeaturesTestRunner" time="3.659"/>
  <testcase name="Get all todos #3" classname="features.CucumberFeaturesTestRunner" time="3.456"/>
  <testcase name="Get all todos with a specific status #1" classname="features.CucumberFeaturesTestRunner" time="3.497"/>
  <testcase name="Get all todos with a specific status #2" classname="features.CucumberFeaturesTestRunner" time="3.465"/>
  <testcase name="Get all todos with the wrong endpoint" classname="features.CucumberFeaturesTestRunner" time="3.407"/>
  <testcase name="Delete a completed todo" classname="features.CucumberFeaturesTestRunner" time="3.598"/>
  <testcase name="Delete an incompleted todo" classname="features.CucumberFeaturesTestRunner" time="3.723"/>
  <testcase name="Delete a todo that does not exist" classname="features.CucumberFeaturesTestRunner" time="3.453"/>
  <testcase name="Get a specific todo that #1" classname="features.CucumberFeaturesTestRunner" time="3.494"/>
  <testcase name="Get a specific todo that #2" classname="features.CucumberFeaturesTestRunner" time="3.717"/>
  <testcase name="Get a specific todo that #3" classname="features.CucumberFeaturesTestRunner" time="3.484"/>
  <testcase name="Get a todo that has an empty description" classname="features.CucumberFeaturesTestRunner" time="3.474"/>
  <testcase name="Get a todo that does not exist" classname="features.CucumberFeaturesTestRunner" time="3.501"/>
  <testcase name="Create a project #1" classname="features.CucumberFeaturesTestRunner" time="3.409"/>
  <testcase name="Create a project #2" classname="features.CucumberFeaturesTestRunner" time="3.371"/>
  <testcase name="Create a project that has already been completed #1" classname="features.CucumberFeaturesTestRunner" time="3.616"/>
  <testcase name="Create a project that has already been completed #2" classname="features.CucumberFeaturesTestRunner" time="3.39"/>
  <testcase name="Create a project with empty title" classname="features.CucumberFeaturesTestRunner" time="3.411"/>
  <testcase name="Get all projects #1" classname="features.CucumberFeaturesTestRunner" time="3.499"/>
  <testcase name="Get all projects #2" classname="features.CucumberFeaturesTestRunner" time="3.415"/>
  <testcase name="Get all projects #3" classname="features.CucumberFeaturesTestRunner" time="3.435"/>
  <testcase name="Get all projects with completed is true" classname="features.CucumberFeaturesTestRunner" time="3.433"/>
  <testcase name="Get all projects with the wrong endpoint" classname="features.CucumberFeaturesTestRunner" time="3.407"/>
  <testcase name="Delete an active project" classname="features.CucumberFeaturesTestRunner" time="3.441"/>
  <testcase name="Delete a completed project" classname="features.CucumberFeaturesTestRunner" time="3.45"/>
  <testcase name="Delete a project that does not exist" classname="features.CucumberFeaturesTestRunner" time="3.662"/>
  <testcase name="Get a specific project #1" classname="features.CucumberFeaturesTestRunner" time="3.511"/>
  <testcase name="Get a specific project #2" classname="features.CucumberFeaturesTestRunner" time="3.445"/>
  <testcase name="Get a specific project #3" classname="features.CucumberFeaturesTestRunner" time="3.501"/>
  <testcase name="Get a project that has an empty description" classname="features.CucumberFeaturesTestRunner" time="3.418"/>
  <testcase name="Get a project that does not exist" classname="features.CucumberFeaturesTestRunner" time="3.466"/>
  <system-out><![CDATA[
Scenario Outline: Update a project's title and description                                                                      ?[90m# src/test/resources/US10_UpdateProject.feature:21?[0m
  ?[32mGiven ?[0m?[32mthe project application is running (US10)?[0m                                                                               ?[90m# features.US10_UpdateProjectStepDefinition.the_project_application_is_running()?[0m
  ?[32mAnd ?[0m?[32mthe following projects exist in the system (US10)?[0m                                                                         ?[90m# features.US10_UpdateProjectStepDefinition.the_following_projects_with_title_description_completed_active_exist_in_the_system(io.cucumber.datatable.DataTable)?[0m
    | title       | description | completed | active |
    | first proj  | fun proj    | false     | true   |
    | second proj | boring proj | true      | false  |
  ?[32mGiven ?[0m?[32ma project with ?[0m?[32m?[1m2?[0m?[32m exists in the system (US10)?[0m                                                                            ?[90m# features.US10_UpdateProjectStepDefinition.a_project_with_id_exists_in_the_system(int)?[0m
  ?[32mWhen ?[0m?[32mI update the project with ?[0m?[32m?[1m2?[0m?[32m with a new description ?[0m?[32m?[1m"fun project"?[0m?[32m (US10)?[0m                                                  ?[90m# features.US10_UpdateProjectStepDefinition.i_update_the_project_with_id_with_a_new_description(int,java.lang.String)?[0m
  ?[32mThen ?[0m?[32mthe project with ?[0m?[32m?[1m2?[0m?[32m should have title ?[0m?[32m?[1m"first proj"?[0m?[32m, description ?[0m?[32m?[1m"fun project"?[0m?[32m, completed ?[0m?[32m?[1m"false"?[0m?[32m and active ?[0m?[32m?[1m"true"?[0m?[32m (US10)?[0m ?[90m# features.US10_UpdateProjectStepDefinition.the_project_with_id_should_have_a_description(int,java.lang.String,java.lang.String,java.lang.String,java.lang.String)?[0m
 ------ After Scenario ------
application stopped

Scenario Outline: Update a project's title and description                                                                          ?[90m# src/test/resources/US10_UpdateProject.feature:22?[0m
  ?[32mGiven ?[0m?[32mthe project application is running (US10)?[0m                                                                                   ?[90m# features.US10_UpdateProjectStepDefinition.the_project_application_is_running()?[0m
  ?[32mAnd ?[0m?[32mthe following projects exist in the system (US10)?[0m                                                                             ?[90m# features.US10_UpdateProjectStepDefinition.the_following_projects_with_title_description_completed_active_exist_in_the_system(io.cucumber.datatable.DataTable)?[0m
    | title       | description | completed | active |
    | first proj  | fun proj    | false     | true   |
    | second proj | boring proj | true      | false  |
  ?[32mGiven ?[0m?[32ma project with ?[0m?[32m?[1m3?[0m?[32m exists in the system (US10)?[0m                                                                                ?[90m# features.US10_UpdateProjectStepDefinition.a_project_with_id_exists_in_the_system(int)?[0m
  ?[32mWhen ?[0m?[32mI update the project with ?[0m?[32m?[1m3?[0m?[32m with a new description ?[0m?[32m?[1m"boring project"?[0m?[32m (US10)?[0m                                                   ?[90m# features.US10_UpdateProjectStepDefinition.i_update_the_project_with_id_with_a_new_description(int,java.lang.String)?[0m
  ?[32mThen ?[0m?[32mthe project with ?[0m?[32m?[1m3?[0m?[32m should have title ?[0m?[32m?[1m"second proj"?[0m?[32m, description ?[0m?[32m?[1m"boring project"?[0m?[32m, completed ?[0m?[32m?[1m"true"?[0m?[32m and active ?[0m?[32m?[1m"false"?[0m?[32m (US10)?[0m ?[90m# features.US10_UpdateProjectStepDefinition.the_project_with_id_should_have_a_description(int,java.lang.String,java.lang.String,java.lang.String,java.lang.String)?[0m
 ------ After Scenario ------
application stopped

Scenario Outline: Mark a project as completed                            ?[90m# src/test/resources/US10_UpdateProject.feature:31?[0m
  ?[32mGiven ?[0m?[32mthe project application is running (US10)?[0m                        ?[90m# features.US10_UpdateProjectStepDefinition.the_project_application_is_running()?[0m
  ?[32mAnd ?[0m?[32mthe following projects exist in the system (US10)?[0m                  ?[90m# features.US10_UpdateProjectStepDefinition.the_following_projects_with_title_description_completed_active_exist_in_the_system(io.cucumber.datatable.DataTable)?[0m
    | title       | description | completed | active |
    | first proj  | fun proj    | false     | true   |
    | second proj | boring proj | true      | false  |
  ?[32mGiven ?[0m?[32ma incomplete project with id ?[0m?[32m?[1m2?[0m?[32m exists in the system (US10)?[0m       ?[90m# features.US10_UpdateProjectStepDefinition.a_project_with_id__exists_in_the_system(int)?[0m
  ?[32mWhen ?[0m?[32mI update the project with id ?[0m?[32m?[1m2?[0m?[32m with ?[0m?[32m?[1m"true"?[0m?[32m (US10)?[0m                 ?[90m# features.US10_UpdateProjectStepDefinition.when_i_update_the_project_with_id_with(int,java.lang.String)?[0m
  ?[32mThen ?[0m?[32mthe project with ?[0m?[32m?[1m2?[0m?[32m should have an updated completed ?[0m?[32m?[1m"true"?[0m?[32m (US10)?[0m ?[90m# features.US10_UpdateProjectStepDefinition.the_project_with_id_should_have_an_updated_completed(int,java.lang.String)?[0m
 ------ After Scenario ------
application stopped

Scenario Outline: Update completed to invalid value                                                 ?[90m# src/test/resources/US10_UpdateProject.feature:41?[0m
  ?[32mGiven ?[0m?[32mthe project application is running (US10)?[0m                                                   ?[90m# features.US10_UpdateProjectStepDefinition.the_project_application_is_running()?[0m
  ?[32mAnd ?[0m?[32mthe following projects exist in the system (US10)?[0m                                             ?[90m# features.US10_UpdateProjectStepDefinition.the_following_projects_with_title_description_completed_active_exist_in_the_system(io.cucumber.datatable.DataTable)?[0m
    | title       | description | completed | active |
    | first proj  | fun proj    | false     | true   |
    | second proj | boring proj | true      | false  |
  ?[32mGiven ?[0m?[32ma project with ?[0m?[32m?[1m1?[0m?[32m that exists in the system (US10)?[0m                                           ?[90m# features.US10_UpdateProjectStepDefinition.a_project_with_id_that_exists_in_the_system(int)?[0m
  ?[32mWhen ?[0m?[32mI update the project with id ?[0m?[32m?[1m1?[0m?[32m with invalid completed ?[0m?[32m?[1m"asd"?[0m?[32m (US10)?[0m                           ?[90m# features.US10_UpdateProjectStepDefinition.i_update_the_project_with_id_with_invalid_completed(int,java.lang.String)?[0m
  ?[32mThen ?[0m?[32mI should receive a ?[0m?[32m?[1m400?[0m?[32m response with ?[0m?[32m?[1m"Failed Validation: completed should be BOOLEAN"?[0m?[32m (US10)?[0m ?[90m# features.US10_UpdateProjectStepDefinition.i_should_receive_a_response_with_(int,java.lang.String)?[0m
 ------ After Scenario ------
application stopped

Scenario Outline: Create a category                                                                                                     ?[90m# src/test/resources/US11_CreateACategory.feature:17?[0m
  ?[32mGiven ?[0m?[32mthe application is running (US11)?[0m                                                                                               ?[90m# features.US11_CreateCategoryStepDefinition.the_todo_application_is_running()?[0m
  ?[32mGiven ?[0m?[32mthe category with title ?[0m?[32m?[1m"My first category"?[0m?[32m and the description ?[0m?[32m?[1m"This is my first category"?[0m?[32m does not exist in the system (US11)?[0m ?[90m# features.US11_CreateCategoryStepDefinition.the_category_with_title_and_the_description_does_not_exist_in_the_system(java.lang.String,java.lang.String)?[0m
  ?[32mWhen ?[0m?[32mI create a category with the title ?[0m?[32m?[1m"My first category"?[0m?[32m and description ?[0m?[32m?[1m"This is my first category"?[0m?[32m (US11)?[0m                        ?[90m# features.US11_CreateCategoryStepDefinition.i_create_a_category_with_title_and_the_description(java.lang.String,java.lang.String)?[0m
  ?[32mThen ?[0m?[32mthe category with title ?[0m?[32m?[1m"My first category"?[0m?[32m and the description ?[0m?[32m?[1m"This is my first category"?[0m?[32m shall exist in the system (US11)?[0m     ?[90m# features.US11_CreateCategoryStepDefinition.the_category_with_title_and_the_description_should_be_in_the_system(java.lang.String,java.lang.String)?[0m
 ------ After Scenario ------
application stopped

Scenario Outline: Create a category                                                                                                       ?[90m# src/test/resources/US11_CreateACategory.feature:18?[0m
  ?[32mGiven ?[0m?[32mthe application is running (US11)?[0m                                                                                                 ?[90m# features.US11_CreateCategoryStepDefinition.the_todo_application_is_running()?[0m
  ?[32mGiven ?[0m?[32mthe category with title ?[0m?[32m?[1m"My second category"?[0m?[32m and the description ?[0m?[32m?[1m"This is my second category"?[0m?[32m does not exist in the system (US11)?[0m ?[90m# features.US11_CreateCategoryStepDefinition.the_category_with_title_and_the_description_does_not_exist_in_the_system(java.lang.String,java.lang.String)?[0m
  ?[32mWhen ?[0m?[32mI create a category with the title ?[0m?[32m?[1m"My second category"?[0m?[32m and description ?[0m?[32m?[1m"This is my second category"?[0m?[32m (US11)?[0m                        ?[90m# features.US11_CreateCategoryStepDefinition.i_create_a_category_with_title_and_the_description(java.lang.String,java.lang.String)?[0m
  ?[32mThen ?[0m?[32mthe category with title ?[0m?[32m?[1m"My second category"?[0m?[32m and the description ?[0m?[32m?[1m"This is my second category"?[0m?[32m shall exist in the system (US11)?[0m     ?[90m# features.US11_CreateCategoryStepDefinition.the_category_with_title_and_the_description_should_be_in_the_system(java.lang.String,java.lang.String)?[0m
 ------ After Scenario ------
application stopped

Scenario Outline: Create a category that has already been created                                                                  ?[90m# src/test/resources/US11_CreateACategory.feature:27?[0m
  ?[32mGiven ?[0m?[32mthe application is running (US11)?[0m                                                                                          ?[90m# features.US11_CreateCategoryStepDefinition.the_todo_application_is_running()?[0m
  ?[32mGiven ?[0m?[32mthe category with title ?[0m?[32m?[1m"My first category"?[0m?[32m does not exist in the system (US11)?[0m                                            ?[90m# features.US11_CreateCategoryStepDefinition.the_todo_with_title_does_not_exist_in_the_system(java.lang.String)?[0m
  ?[32mWhen ?[0m?[32mI create a duplicate category with the title ?[0m?[32m?[1m"My first category"?[0m?[32m and description ?[0m?[32m?[1m"this is my first category"?[0m?[32m (US11)?[0m         ?[90m# features.US11_CreateCategoryStepDefinition.i_create_a_duplicate_category_with_the_title(java.lang.String,java.lang.String)?[0m
  ?[32mThen ?[0m?[32mthe category with title ?[0m?[32m?[1m"My first category"?[0m?[32m with a description ?[0m?[32m?[1m"this is my first category"?[0m?[32m shall exist in the system (US11)?[0m ?[90m# features.US11_CreateCategoryStepDefinition.the_category_with_title_with_a_description_should_be_in_the_system(java.lang.String,java.lang.String)?[0m
 ------ After Scenario ------
application stopped

Scenario Outline: Create a category that has already been created                                                                    ?[90m# src/test/resources/US11_CreateACategory.feature:28?[0m
  ?[32mGiven ?[0m?[32mthe application is running (US11)?[0m                                                                                            ?[90m# features.US11_CreateCategoryStepDefinition.the_todo_application_is_running()?[0m
  ?[32mGiven ?[0m?[32mthe category with title ?[0m?[32m?[1m"My second category"?[0m?[32m does not exist in the system (US11)?[0m                                             ?[90m# features.US11_CreateCategoryStepDefinition.the_todo_with_title_does_not_exist_in_the_system(java.lang.String)?[0m
  ?[32mWhen ?[0m?[32mI create a duplicate category with the title ?[0m?[32m?[1m"My second category"?[0m?[32m and description ?[0m?[32m?[1m"this is my second category"?[0m?[32m (US11)?[0m         ?[90m# features.US11_CreateCategoryStepDefinition.i_create_a_duplicate_category_with_the_title(java.lang.String,java.lang.String)?[0m
  ?[32mThen ?[0m?[32mthe category with title ?[0m?[32m?[1m"My second category"?[0m?[32m with a description ?[0m?[32m?[1m"this is my second category"?[0m?[32m shall exist in the system (US11)?[0m ?[90m# features.US11_CreateCategoryStepDefinition.the_category_with_title_with_a_description_should_be_in_the_system(java.lang.String,java.lang.String)?[0m
 ------ After Scenario ------
application stopped

Scenario Outline: Create a category with an empty title                                                        ?[90m# src/test/resources/US11_CreateACategory.feature:37?[0m
  ?[32mGiven ?[0m?[32mthe application is running (US11)?[0m                                                                      ?[90m# features.US11_CreateCategoryStepDefinition.the_todo_application_is_running()?[0m
  ?[32mWhen ?[0m?[32mI create a category with empty title (US11)?[0m                                                             ?[90m# features.US11_CreateCategoryStepDefinition.i_create_a_category_with_empty_title()?[0m
  ?[32mThen ?[0m?[32mthe status code shall be ?[0m?[32m?[1m400?[0m?[32m with an error message ?[0m?[32m?[1m"Failed Validation: title : can not be empty"?[0m?[32m (US11)?[0m ?[90m# features.US11_CreateCategoryStepDefinition.the_todo_with_empty_title_should_not_be_in_the_system(int,java.lang.String)?[0m
 ------ After Scenario ------
application stopped

Scenario Outline: Update a categories title and description                                          ?[90m# src/test/resources/US12_UpdateCategory.feature:21?[0m
the_todo_application_is_running
  ?[32mGiven ?[0m?[32mthe todo application is running (US12)?[0m                                                       ?[90m# features.US12_UpdateCategoryStepDefinition.the_todo_application_is_running()?[0m
  ?[32mAnd ?[0m?[32mthe following categories exist in the system (US12)?[0m                                            ?[90m# features.US12_UpdateCategoryStepDefinition.the_following_categories_with_title_description_exist_in_the_system(io.cucumber.datatable.DataTable)?[0m
    | title     | description   |
    | category1 | description 1 |
    | category2 | description 2 |
  ?[32mGiven ?[0m?[32ma category with ?[0m?[32m?[1m3?[0m?[32m exists in the system (US12)?[0m                                                ?[90m# features.US12_UpdateCategoryStepDefinition.a_category_with_id_exists_in_the_system(int)?[0m
  ?[32mWhen ?[0m?[32mI update the category with id ?[0m?[32m?[1m3?[0m?[32m with a new title ?[0m?[32m?[1m"category1"?[0m?[32m, description ?[0m?[32m?[1m"category 1"?[0m?[32m (US12)?[0m ?[90m# features.US12_UpdateCategoryStepDefinition.i_update_the_category_with_id_with_a_new_title_and_description(int,java.lang.String,java.lang.String)?[0m
  ?[32mThen ?[0m?[32mthe category with id ?[0m?[32m?[1m3?[0m?[32m should have title ?[0m?[32m?[1m"category1"?[0m?[32m, description ?[0m?[32m?[1m"category 1"?[0m?[32m (US12)?[0m         ?[90m# features.US12_UpdateCategoryStepDefinition.the_category_with_id_should_have_a_description(int,java.lang.String,java.lang.String)?[0m
 ------ After Scenario ------
application stopped

Scenario Outline: Update a categories title and description                                          ?[90m# src/test/resources/US12_UpdateCategory.feature:22?[0m
the_todo_application_is_running
  ?[32mGiven ?[0m?[32mthe todo application is running (US12)?[0m                                                       ?[90m# features.US12_UpdateCategoryStepDefinition.the_todo_application_is_running()?[0m
  ?[32mAnd ?[0m?[32mthe following categories exist in the system (US12)?[0m                                            ?[90m# features.US12_UpdateCategoryStepDefinition.the_following_categories_with_title_description_exist_in_the_system(io.cucumber.datatable.DataTable)?[0m
    | title     | description   |
    | category1 | description 1 |
    | category2 | description 2 |
  ?[32mGiven ?[0m?[32ma category with ?[0m?[32m?[1m4?[0m?[32m exists in the system (US12)?[0m                                                ?[90m# features.US12_UpdateCategoryStepDefinition.a_category_with_id_exists_in_the_system(int)?[0m
  ?[32mWhen ?[0m?[32mI update the category with id ?[0m?[32m?[1m4?[0m?[32m with a new title ?[0m?[32m?[1m"category2"?[0m?[32m, description ?[0m?[32m?[1m"category 2"?[0m?[32m (US12)?[0m ?[90m# features.US12_UpdateCategoryStepDefinition.i_update_the_category_with_id_with_a_new_title_and_description(int,java.lang.String,java.lang.String)?[0m
  ?[32mThen ?[0m?[32mthe category with id ?[0m?[32m?[1m4?[0m?[32m should have title ?[0m?[32m?[1m"category2"?[0m?[32m, description ?[0m?[32m?[1m"category 2"?[0m?[32m (US12)?[0m         ?[90m# features.US12_UpdateCategoryStepDefinition.the_category_with_id_should_have_a_description(int,java.lang.String,java.lang.String)?[0m
 ------ After Scenario ------
application stopped

Scenario Outline: update a category with only the title                                           ?[90m# src/test/resources/US12_UpdateCategory.feature:31?[0m
the_todo_application_is_running
  ?[32mGiven ?[0m?[32mthe todo application is running (US12)?[0m                                                    ?[90m# features.US12_UpdateCategoryStepDefinition.the_todo_application_is_running()?[0m
  ?[32mAnd ?[0m?[32mthe following categories exist in the system (US12)?[0m                                         ?[90m# features.US12_UpdateCategoryStepDefinition.the_following_categories_with_title_description_exist_in_the_system(io.cucumber.datatable.DataTable)?[0m
    | title     | description   |
    | category1 | description 1 |
    | category2 | description 2 |
  ?[32mGiven ?[0m?[32ma category with id ?[0m?[32m?[1m3?[0m?[32m exists in the system (US12)?[0m                                          ?[90m# features.US12_UpdateCategoryStepDefinition.a_category_with_id_with_doneStatus_exists_in_the_system(int)?[0m
  ?[32mWhen ?[0m?[32mI update the category with id ?[0m?[32m?[1m3?[0m?[32m with a title ?[0m?[32m?[1m"new category 1"?[0m?[32m and empty description (US12)?[0m ?[90m# features.US12_UpdateCategoryStepDefinition.when_i_update_the_category_with_id_with(int,java.lang.String)?[0m
  ?[32mThen ?[0m?[32mthe category with ?[0m?[32m?[1m3?[0m?[32m should have an updated title ?[0m?[32m?[1m"new category 1"?[0m?[32m (US12)?[0m                   ?[90m# features.US12_UpdateCategoryStepDefinition.the_category_with_id_should_have_an_updated_status(int,java.lang.String)?[0m
 ------ After Scenario ------
application stopped

Scenario Outline: update a category with only the title                                           ?[90m# src/test/resources/US12_UpdateCategory.feature:32?[0m
the_todo_application_is_running
  ?[32mGiven ?[0m?[32mthe todo application is running (US12)?[0m                                                    ?[90m# features.US12_UpdateCategoryStepDefinition.the_todo_application_is_running()?[0m
  ?[32mAnd ?[0m?[32mthe following categories exist in the system (US12)?[0m                                         ?[90m# features.US12_UpdateCategoryStepDefinition.the_following_categories_with_title_description_exist_in_the_system(io.cucumber.datatable.DataTable)?[0m
    | title     | description   |
    | category1 | description 1 |
    | category2 | description 2 |
  ?[32mGiven ?[0m?[32ma category with id ?[0m?[32m?[1m4?[0m?[32m exists in the system (US12)?[0m                                          ?[90m# features.US12_UpdateCategoryStepDefinition.a_category_with_id_with_doneStatus_exists_in_the_system(int)?[0m
  ?[32mWhen ?[0m?[32mI update the category with id ?[0m?[32m?[1m4?[0m?[32m with a title ?[0m?[32m?[1m"new category 2"?[0m?[32m and empty description (US12)?[0m ?[90m# features.US12_UpdateCategoryStepDefinition.when_i_update_the_category_with_id_with(int,java.lang.String)?[0m
  ?[32mThen ?[0m?[32mthe category with ?[0m?[32m?[1m4?[0m?[32m should have an updated title ?[0m?[32m?[1m"new category 2"?[0m?[32m (US12)?[0m                   ?[90m# features.US12_UpdateCategoryStepDefinition.the_category_with_id_should_have_an_updated_status(int,java.lang.String)?[0m
 ------ After Scenario ------
application stopped

Scenario Outline: Update a category with empty title              ?[90m# src/test/resources/US12_UpdateCategory.feature:42?[0m
the_todo_application_is_running
  ?[32mGiven ?[0m?[32mthe todo application is running (US12)?[0m                    ?[90m# features.US12_UpdateCategoryStepDefinition.the_todo_application_is_running()?[0m
  ?[32mAnd ?[0m?[32mthe following categories exist in the system (US12)?[0m         ?[90m# features.US12_UpdateCategoryStepDefinition.the_following_categories_with_title_description_exist_in_the_system(io.cucumber.datatable.DataTable)?[0m
    | title     | description   |
    | category1 | description 1 |
    | category2 | description 2 |
  ?[32mGiven ?[0m?[32ma category with ?[0m?[32m?[1m1?[0m?[32m that exists in the system (US12)?[0m        ?[90m# features.US12_UpdateCategoryStepDefinition.a_category_with_id_that_exists_in_the_system(int)?[0m
  ?[32mWhen ?[0m?[32mI update the category with id ?[0m?[32m?[1m1?[0m?[32m with an empty title (US12)?[0m ?[90m# features.US12_UpdateCategoryStepDefinition.i_update_the_category_with_id_with_empty_title(int)?[0m
  ?[32mThen ?[0m?[32mI should receive a ?[0m?[32m?[1m400?[0m?[32m response (US12)?[0m                     ?[90m# features.US12_UpdateCategoryStepDefinition.i_should_receive_a_response_with(int)?[0m
 ------ After Scenario ------
application stopped

Scenario Outline: Get all categories                                                  ?[90m# src/test/resources/US13_GetAllCategories.feature:21?[0m
the_todo_application_is_running
  ?[32mGiven ?[0m?[32mthe todo application is running (US13)?[0m                                        ?[90m# features.US13_GetAllCategoriesStepDefinition.the_todo_application_is_running()?[0m
  ?[32mAnd ?[0m?[32mthe following categories exist in the system (US13)?[0m                             ?[90m# features.US13_GetAllCategoriesStepDefinition.the_following_categories_with_title_description_exist_in_the_system(io.cucumber.datatable.DataTable)?[0m
    | title     | description  |
    | category1 | description1 |
    | category2 | description2 |
    | category3 | description3 |
  ?[32mWhen ?[0m?[32mI get all categories (US13)?[0m                                                    ?[90m# features.US13_GetAllCategoriesStepDefinition.i_get_all_categories()?[0m
  ?[32mThen ?[0m?[32mthe categories with title ?[0m?[32m?[1m"category1"?[0m?[32m, description ?[0m?[32m?[1m"description1"?[0m?[32m exist (US13)?[0m ?[90m# features.US13_GetAllCategoriesStepDefinition.the_categories_with_title_description(java.lang.String,java.lang.String)?[0m
 ------ After Scenario ------
application stopped

Scenario Outline: Get all categories                                                  ?[90m# src/test/resources/US13_GetAllCategories.feature:22?[0m
the_todo_application_is_running
  ?[32mGiven ?[0m?[32mthe todo application is running (US13)?[0m                                        ?[90m# features.US13_GetAllCategoriesStepDefinition.the_todo_application_is_running()?[0m
  ?[32mAnd ?[0m?[32mthe following categories exist in the system (US13)?[0m                             ?[90m# features.US13_GetAllCategoriesStepDefinition.the_following_categories_with_title_description_exist_in_the_system(io.cucumber.datatable.DataTable)?[0m
    | title     | description  |
    | category1 | description1 |
    | category2 | description2 |
    | category3 | description3 |
  ?[32mWhen ?[0m?[32mI get all categories (US13)?[0m                                                    ?[90m# features.US13_GetAllCategoriesStepDefinition.i_get_all_categories()?[0m
  ?[32mThen ?[0m?[32mthe categories with title ?[0m?[32m?[1m"category2"?[0m?[32m, description ?[0m?[32m?[1m"description2"?[0m?[32m exist (US13)?[0m ?[90m# features.US13_GetAllCategoriesStepDefinition.the_categories_with_title_description(java.lang.String,java.lang.String)?[0m
 ------ After Scenario ------
application stopped

Scenario Outline: Get all categories                                                  ?[90m# src/test/resources/US13_GetAllCategories.feature:23?[0m
the_todo_application_is_running
  ?[32mGiven ?[0m?[32mthe todo application is running (US13)?[0m                                        ?[90m# features.US13_GetAllCategoriesStepDefinition.the_todo_application_is_running()?[0m
  ?[32mAnd ?[0m?[32mthe following categories exist in the system (US13)?[0m                             ?[90m# features.US13_GetAllCategoriesStepDefinition.the_following_categories_with_title_description_exist_in_the_system(io.cucumber.datatable.DataTable)?[0m
    | title     | description  |
    | category1 | description1 |
    | category2 | description2 |
    | category3 | description3 |
  ?[32mWhen ?[0m?[32mI get all categories (US13)?[0m                                                    ?[90m# features.US13_GetAllCategoriesStepDefinition.i_get_all_categories()?[0m
  ?[32mThen ?[0m?[32mthe categories with title ?[0m?[32m?[1m"category3"?[0m?[32m, description ?[0m?[32m?[1m"description3"?[0m?[32m exist (US13)?[0m ?[90m# features.US13_GetAllCategoriesStepDefinition.the_categories_with_title_description(java.lang.String,java.lang.String)?[0m
 ------ After Scenario ------
application stopped

Scenario Outline: Get all categories with a specific title           ?[90m# src/test/resources/US13_GetAllCategories.feature:32?[0m
the_todo_application_is_running
  ?[32mGiven ?[0m?[32mthe todo application is running (US13)?[0m                       ?[90m# features.US13_GetAllCategoriesStepDefinition.the_todo_application_is_running()?[0m
  ?[32mAnd ?[0m?[32mthe following categories exist in the system (US13)?[0m            ?[90m# features.US13_GetAllCategoriesStepDefinition.the_following_categories_with_title_description_exist_in_the_system(io.cucumber.datatable.DataTable)?[0m
    | title     | description  |
    | category1 | description1 |
    | category2 | description2 |
    | category3 | description3 |
  ?[32mWhen ?[0m?[32mI get all categories with a specific title ?[0m?[32m?[1m"category1"?[0m?[32m (US13)?[0m ?[90m# features.US13_GetAllCategoriesStepDefinition.i_get_all_categories_with_a_specific_title(java.lang.String)?[0m
  ?[32mThen ?[0m?[32mI should see ?[0m?[32m?[1m1?[0m?[32m categories with title ?[0m?[32m?[1m"category1"?[0m?[32m (US13)?[0m       ?[90m# features.US13_GetAllCategoriesStepDefinition.i_should_see_category_us3(java.lang.Integer,java.lang.String)?[0m
 ------ After Scenario ------
application stopped

Scenario Outline: Get all categories with the wrong endpoint ?[90m# src/test/resources/US13_GetAllCategories.feature:40?[0m
the_todo_application_is_running
  ?[32mGiven ?[0m?[32mthe todo application is running (US13)?[0m               ?[90m# features.US13_GetAllCategoriesStepDefinition.the_todo_application_is_running()?[0m
  ?[32mAnd ?[0m?[32mthe following categories exist in the system (US13)?[0m    ?[90m# features.US13_GetAllCategoriesStepDefinition.the_following_categories_with_title_description_exist_in_the_system(io.cucumber.datatable.DataTable)?[0m
    | title     | description  |
    | category1 | description1 |
    | category2 | description2 |
    | category3 | description3 |
  ?[32mWhen ?[0m?[32mI get all categories with mistyped endpoint (US13)?[0m    ?[90m# features.US13_GetAllCategoriesStepDefinition.i_get_all_categories_with_mistyped_endpoint()?[0m
  ?[32mThen ?[0m?[32mI should receive an error code ?[0m?[32m?[1m404?[0m?[32m (US13)?[0m             ?[90m# features.US13_GetAllCategoriesStepDefinition.i_should_see_an_error_code(int)?[0m
 ------ After Scenario ------
application stopped

Scenario Outline: Delete a category                                 ?[90m# src/test/resources/US14_DeleteACategory.feature:22?[0m
the_todo_application_is_running
  ?[32mGiven ?[0m?[32mthe todo application is running (US14)?[0m                      ?[90m# features.US14_DeleteCategoryStepDefinition.the_todo_application_is_running()?[0m
  ?[32mGiven ?[0m?[32mthe category with id ?[0m?[32m?[1m3?[0m?[32m exists in the system (US14)?[0m          ?[90m# features.US14_DeleteCategoryStepDefinition.the_category_with_id_exists_in_the_system(java.lang.Integer)?[0m
  ?[32mAnd ?[0m?[32mthe following categories exist in the current system (US14)?[0m   ?[90m# features.US14_DeleteCategoryStepDefinition.the_following_categories_with_title_description_exist_in_the_system(io.cucumber.datatable.DataTable)?[0m
    | title     | description  |
    | category1 | description1 |
    | category2 | description2 |
  ?[32mWhen ?[0m?[32mI delete the category with id ?[0m?[32m?[1m3?[0m?[32m (US14)?[0m                       ?[90m# features.US14_DeleteCategoryStepDefinition.i_delete_the_category_with_id(java.lang.Integer)?[0m
  ?[32mThen ?[0m?[32mthe category with id ?[0m?[32m?[1m3?[0m?[32m should not exist in the system (US14)?[0m ?[90m# features.US14_DeleteCategoryStepDefinition.the_category_with_id_should_not_exist_in_the_system(java.lang.Integer)?[0m
  ?[32mThen ?[0m?[32mthere should be 1 todo in the system (US14)?[0m                  ?[90m# features.US14_DeleteCategoryStepDefinition.there_should_be_1_todo_in_the_system()?[0m
 ------ After Scenario ------
application stopped

Scenario Outline: Delete a category that has an empty description                         ?[90m# src/test/resources/US14_DeleteACategory.feature:37?[0m
the_todo_application_is_running
  ?[32mGiven ?[0m?[32mthe todo application is running (US14)?[0m                                            ?[90m# features.US14_DeleteCategoryStepDefinition.the_todo_application_is_running()?[0m
  ?[32mGiven ?[0m?[32mthe category with id ?[0m?[32m?[1m3?[0m?[32m no description exists in the system (US14)?[0m                 ?[90m# features.US14_DeleteCategoryStepDefinition.the_category_with_id_does_not_exist_in_the_system(java.lang.Integer)?[0m
  ?[32mAnd ?[0m?[32mthe following categories exist in the system (US14)?[0m                                 ?[90m# features.US14_DeleteCategoryStepDefinition.the_following_categories_with_title_description_exist_in_the_system2(io.cucumber.datatable.DataTable)?[0m
    | title | description  |
    | todo1 | description1 |
    | todo2 | [empty]      |
  ?[32mWhen ?[0m?[32mI delete the category without a description with id ?[0m?[32m?[1m3?[0m?[32m (US14)?[0m                       ?[90m# features.US14_DeleteCategoryStepDefinition.i_delete_the_category_without_a_description_with_id(java.lang.Integer)?[0m
  ?[32mThen ?[0m?[32mthe category without a description with id ?[0m?[32m?[1m3?[0m?[32m should not exist in the system (US14)?[0m ?[90m# features.US14_DeleteCategoryStepDefinition.the_category_without_a_description_with_id_should_not_exist_in_the_system(java.lang.Integer)?[0m
  ?[32mThen ?[0m?[32mthere should be 1 todo in the current system (US14)?[0m                                ?[90m# features.US14_DeleteCategoryStepDefinition.there_should_be_1_todo_in_the_current_system()?[0m
 ------ After Scenario ------
application stopped

Scenario Outline: Delete a category that does not exist                                                                      ?[90m# src/test/resources/US14_DeleteACategory.feature:47?[0m
the_todo_application_is_running
  ?[32mGiven ?[0m?[32mthe todo application is running (US14)?[0m                                                                               ?[90m# features.US14_DeleteCategoryStepDefinition.the_todo_application_is_running()?[0m
  ?[32mGiven ?[0m?[32mthe category with invalid id ?[0m?[32m?[1m"qwe"?[0m?[32m does not exist in the system (US14)?[0m                                               ?[90m# features.US14_DeleteCategoryStepDefinition.the_category_with_id_does_not_exist_in_the_system2(java.lang.String)?[0m
  ?[32mWhen ?[0m?[32mI delete the category with inexistant id ?[0m?[32m?[1m"qwe"?[0m?[32m (US14)?[0m                                                                 ?[90m# features.US14_DeleteCategoryStepDefinition.i_delete_the_category_with_inexistant_id(java.lang.String)?[0m
  ?[32mThen ?[0m?[32mI should receive a status code ?[0m?[32m?[1m404?[0m?[32m and see an error message ?[0m?[32m?[1m"Could not find any instances with categories/qwe"?[0m?[32m (US14)?[0m ?[90m# features.US14_DeleteCategoryStepDefinition.i_should_receive_a_status_code_and_see_an_error_message(int,java.lang.String)?[0m
 ------ After Scenario ------
application stopped

Scenario Outline: Get a specific category that                                                 ?[90m# src/test/resources/US15_GetSpecificCategory.feature:24?[0m
the_todo_application_is_running
  ?[32mGiven ?[0m?[32mthe todo application is running (US15)?[0m                                                 ?[90m# features.US15_GetSpecificCategoryStepDefinition.the_todo_application_is_running()?[0m
  ?[32mAnd ?[0m?[32mthe following categories exist in the system: (US15)?[0m                                     ?[90m# features.US15_GetSpecificCategoryStepDefinition.the_following_categories_with_title_description_exist_in_the_system(io.cucumber.datatable.DataTable)?[0m
    | title                    | description  |
    | category1                | description1 |
    | category2                | description2 |
    | category3                | description3 |
    | emptyDescriptionCategory | [empty]      |
  ?[32mGiven ?[0m?[32mthe category with id ?[0m?[32m?[1m3?[0m?[32m exists in the system (US15)?[0m                                     ?[90m# features.US15_GetSpecificCategoryStepDefinition.the_category_with_id_exists_in_the_system(java.lang.Integer)?[0m
  ?[32mWhen ?[0m?[32mI get the category with specific id ?[0m?[32m?[1m3?[0m?[32m (US15)?[0m                                            ?[90m# features.US15_GetSpecificCategoryStepDefinition.i_get_the_category_with_id(java.lang.Integer)?[0m
  ?[32mThen ?[0m?[32mI should get a category with id ?[0m?[32m?[1m3?[0m?[32m, title ?[0m?[32m?[1m"category1"?[0m?[32m, description ?[0m?[32m?[1m"description1"?[0m?[32m (US15)?[0m ?[90m# features.US15_GetSpecificCategoryStepDefinition.then_i_should_get_a_category_with_id_title_description(int,java.lang.String,java.lang.String)?[0m
 ------ After Scenario ------
application stopped

Scenario Outline: Get a specific category that                                                 ?[90m# src/test/resources/US15_GetSpecificCategory.feature:25?[0m
the_todo_application_is_running
  ?[32mGiven ?[0m?[32mthe todo application is running (US15)?[0m                                                 ?[90m# features.US15_GetSpecificCategoryStepDefinition.the_todo_application_is_running()?[0m
  ?[32mAnd ?[0m?[32mthe following categories exist in the system: (US15)?[0m                                     ?[90m# features.US15_GetSpecificCategoryStepDefinition.the_following_categories_with_title_description_exist_in_the_system(io.cucumber.datatable.DataTable)?[0m
    | title                    | description  |
    | category1                | description1 |
    | category2                | description2 |
    | category3                | description3 |
    | emptyDescriptionCategory | [empty]      |
  ?[32mGiven ?[0m?[32mthe category with id ?[0m?[32m?[1m4?[0m?[32m exists in the system (US15)?[0m                                     ?[90m# features.US15_GetSpecificCategoryStepDefinition.the_category_with_id_exists_in_the_system(java.lang.Integer)?[0m
  ?[32mWhen ?[0m?[32mI get the category with specific id ?[0m?[32m?[1m4?[0m?[32m (US15)?[0m                                            ?[90m# features.US15_GetSpecificCategoryStepDefinition.i_get_the_category_with_id(java.lang.Integer)?[0m
  ?[32mThen ?[0m?[32mI should get a category with id ?[0m?[32m?[1m4?[0m?[32m, title ?[0m?[32m?[1m"category2"?[0m?[32m, description ?[0m?[32m?[1m"description2"?[0m?[32m (US15)?[0m ?[90m# features.US15_GetSpecificCategoryStepDefinition.then_i_should_get_a_category_with_id_title_description(int,java.lang.String,java.lang.String)?[0m
 ------ After Scenario ------
application stopped

Scenario Outline: Get a specific category that                                                 ?[90m# src/test/resources/US15_GetSpecificCategory.feature:26?[0m
the_todo_application_is_running
  ?[32mGiven ?[0m?[32mthe todo application is running (US15)?[0m                                                 ?[90m# features.US15_GetSpecificCategoryStepDefinition.the_todo_application_is_running()?[0m
  ?[32mAnd ?[0m?[32mthe following categories exist in the system: (US15)?[0m                                     ?[90m# features.US15_GetSpecificCategoryStepDefinition.the_following_categories_with_title_description_exist_in_the_system(io.cucumber.datatable.DataTable)?[0m
    | title                    | description  |
    | category1                | description1 |
    | category2                | description2 |
    | category3                | description3 |
    | emptyDescriptionCategory | [empty]      |
  ?[32mGiven ?[0m?[32mthe category with id ?[0m?[32m?[1m5?[0m?[32m exists in the system (US15)?[0m                                     ?[90m# features.US15_GetSpecificCategoryStepDefinition.the_category_with_id_exists_in_the_system(java.lang.Integer)?[0m
  ?[32mWhen ?[0m?[32mI get the category with specific id ?[0m?[32m?[1m5?[0m?[32m (US15)?[0m                                            ?[90m# features.US15_GetSpecificCategoryStepDefinition.i_get_the_category_with_id(java.lang.Integer)?[0m
  ?[32mThen ?[0m?[32mI should get a category with id ?[0m?[32m?[1m5?[0m?[32m, title ?[0m?[32m?[1m"category3"?[0m?[32m, description ?[0m?[32m?[1m"description3"?[0m?[32m (US15)?[0m ?[90m# features.US15_GetSpecificCategoryStepDefinition.then_i_should_get_a_category_with_id_title_description(int,java.lang.String,java.lang.String)?[0m
 ------ After Scenario ------
application stopped

Scenario Outline: Get a category that has an empty description                                                                     ?[90m# src/test/resources/US15_GetSpecificCategory.feature:36?[0m
the_todo_application_is_running
  ?[32mGiven ?[0m?[32mthe todo application is running (US15)?[0m                                                                                     ?[90m# features.US15_GetSpecificCategoryStepDefinition.the_todo_application_is_running()?[0m
  ?[32mAnd ?[0m?[32mthe following categories exist in the system: (US15)?[0m                                                                         ?[90m# features.US15_GetSpecificCategoryStepDefinition.the_following_categories_with_title_description_exist_in_the_system(io.cucumber.datatable.DataTable)?[0m
    | title                    | description  |
    | category1                | description1 |
    | category2                | description2 |
    | category3                | description3 |
    | emptyDescriptionCategory | [empty]      |
  ?[32mGiven ?[0m?[32mthe category with id ?[0m?[32m?[1m6?[0m?[32m and no description exists in the system (US15)?[0m                                                      ?[90m# features.US15_GetSpecificCategoryStepDefinition.the_category_with_id_and_no_description_exists_in_the_system(java.lang.Integer)?[0m
  ?[32mWhen ?[0m?[32mI get the category with id ?[0m?[32m?[1m6?[0m?[32m that has no description (US15)?[0m                                                                 ?[90m# features.US15_GetSpecificCategoryStepDefinition.i_get_the_category_with_id_that_has_no_description(java.lang.Integer)?[0m
  ?[32mThen ?[0m?[32mI should get a category that has an empty description with id ?[0m?[32m?[1m6?[0m?[32m, title ?[0m?[32m?[1m"emptyDescriptionCategory"?[0m?[32m and description ?[0m?[32m?[1m""?[0m?[32m (US15)?[0m ?[90m# features.US15_GetSpecificCategoryStepDefinition.i_should_get_a_category_that_has_an_empty_description_with_id_title_and_description(java.lang.Integer,java.lang.String,java.lang.String)?[0m
 ------ After Scenario ------
application stopped

Scenario Outline: Get a category that does not exist                                                                   ?[90m# src/test/resources/US15_GetSpecificCategory.feature:48?[0m
the_todo_application_is_running
  ?[32mGiven ?[0m?[32mthe todo application is running (US15)?[0m                                                                         ?[90m# features.US15_GetSpecificCategoryStepDefinition.the_todo_application_is_running()?[0m
  ?[32mAnd ?[0m?[32mthe following categories exist in the system: (US15)?[0m                                                             ?[90m# features.US15_GetSpecificCategoryStepDefinition.the_following_categories_with_title_description_exist_in_the_system(io.cucumber.datatable.DataTable)?[0m
    | title                    | description  |
    | category1                | description1 |
    | category2                | description2 |
    | category3                | description3 |
    | emptyDescriptionCategory | [empty]      |
  ?[32mGiven ?[0m?[32mthe category with id ?[0m?[32m?[1m100?[0m?[32m does not exist in the system (US15)?[0m                                                   ?[90m# features.US15_GetSpecificCategoryStepDefinition.the_category_with_id_does_not_exist_in_the_system(java.lang.Integer)?[0m
  ?[32mWhen ?[0m?[32mI get the category with invalid id ?[0m?[32m?[1m100?[0m?[32m (US15)?[0m                                                                   ?[90m# features.US15_GetSpecificCategoryStepDefinition.i_get_the_category_with_invalid_id(java.lang.Integer)?[0m
  ?[32mThen ?[0m?[32mI should receive a ?[0m?[32m?[1m404?[0m?[32m status code and an error message ?[0m?[32m?[1m"Could not find an instance with categories/100"?[0m?[32m (US15)?[0m ?[90m# features.US15_GetSpecificCategoryStepDefinition.i_should_receive_a_status_code_and_an_error_message(int,java.lang.String)?[0m
 ------ After Scenario ------
application stopped

Scenario Outline: Create a todo                                                                                            ?[90m# src/test/resources/US1_CreateATodo.feature:17?[0m
  ?[32mGiven ?[0m?[32mthe application is running (US1)?[0m                                                                                   ?[90m# features.US1_CreateTodoStepDefinition.the_todo_application_is_running()?[0m
  ?[32mGiven ?[0m?[32mthe todo with title ?[0m?[32m?[1m"My first todo"?[0m?[32m and the description ?[0m?[32m?[1m"This is my first todo"?[0m?[32m does not exist in the system (US1)?[0m ?[90m# features.US1_CreateTodoStepDefinition.the_todo_with_title_and_the_description_does_not_exist_in_the_system(java.lang.String,java.lang.String)?[0m
  ?[32mWhen ?[0m?[32mI create a todo with the title ?[0m?[32m?[1m"My first todo"?[0m?[32m and description ?[0m?[32m?[1m"This is my first todo"?[0m?[32m (US1)?[0m                        ?[90m# features.US1_CreateTodoStepDefinition.i_create_a_todo_with_title_and_the_description(java.lang.String,java.lang.String)?[0m
  ?[32mThen ?[0m?[32mthe todo with title ?[0m?[32m?[1m"My first todo"?[0m?[32m and the description ?[0m?[32m?[1m"This is my first todo"?[0m?[32m shall exist in the system (US1)?[0m     ?[90m# features.US1_CreateTodoStepDefinition.the_todo_with_title_and_the_description_should_be_in_the_system(java.lang.String,java.lang.String)?[0m
 ------ After Scenario ------
application stopped

Scenario Outline: Create a todo                                                                                              ?[90m# src/test/resources/US1_CreateATodo.feature:18?[0m
  ?[32mGiven ?[0m?[32mthe application is running (US1)?[0m                                                                                     ?[90m# features.US1_CreateTodoStepDefinition.the_todo_application_is_running()?[0m
  ?[32mGiven ?[0m?[32mthe todo with title ?[0m?[32m?[1m"My second todo"?[0m?[32m and the description ?[0m?[32m?[1m"This is my second todo"?[0m?[32m does not exist in the system (US1)?[0m ?[90m# features.US1_CreateTodoStepDefinition.the_todo_with_title_and_the_description_does_not_exist_in_the_system(java.lang.String,java.lang.String)?[0m
  ?[32mWhen ?[0m?[32mI create a todo with the title ?[0m?[32m?[1m"My second todo"?[0m?[32m and description ?[0m?[32m?[1m"This is my second todo"?[0m?[32m (US1)?[0m                        ?[90m# features.US1_CreateTodoStepDefinition.i_create_a_todo_with_title_and_the_description(java.lang.String,java.lang.String)?[0m
  ?[32mThen ?[0m?[32mthe todo with title ?[0m?[32m?[1m"My second todo"?[0m?[32m and the description ?[0m?[32m?[1m"This is my second todo"?[0m?[32m shall exist in the system (US1)?[0m     ?[90m# features.US1_CreateTodoStepDefinition.the_todo_with_title_and_the_description_should_be_in_the_system(java.lang.String,java.lang.String)?[0m
 ------ After Scenario ------
application stopped

Scenario Outline: Create a todo that has already been completed                                              ?[90m# src/test/resources/US1_CreateATodo.feature:27?[0m
  ?[32mGiven ?[0m?[32mthe application is running (US1)?[0m                                                                     ?[90m# features.US1_CreateTodoStepDefinition.the_todo_application_is_running()?[0m
  ?[32mGiven ?[0m?[32mthe todo with title ?[0m?[32m?[1m"A todo with DoneStatus"?[0m?[32m does not exist in the system (US1)?[0m                      ?[90m# features.US1_CreateTodoStepDefinition.the_todo_with_title_does_not_exist_in_the_system(java.lang.String)?[0m
  ?[32mWhen ?[0m?[32mI create a todo with the title ?[0m?[32m?[1m"A todo with DoneStatus"?[0m?[32m and doneStatus ?[0m?[32m?[1m"true"?[0m?[32m (US1)?[0m                   ?[90m# features.US1_CreateTodoStepDefinition.i_create_a_todo_with_the_title(java.lang.String,java.lang.String)?[0m
  ?[32mThen ?[0m?[32mthe todo with title ?[0m?[32m?[1m"A todo with DoneStatus"?[0m?[32m with a doneStatus ?[0m?[32m?[1m"true"?[0m?[32m shall exist in the system (US1)?[0m ?[90m# features.US1_CreateTodoStepDefinition.the_todo_with_title_with_a_doneStatus_should_be_in_the_system(java.lang.String,java.lang.String)?[0m
 ------ After Scenario ------
application stopped

Scenario Outline: Create a todo that has already been completed                                  ?[90m# src/test/resources/US1_CreateATodo.feature:28?[0m
  ?[32mGiven ?[0m?[32mthe application is running (US1)?[0m                                                         ?[90m# features.US1_CreateTodoStepDefinition.the_todo_application_is_running()?[0m
  ?[32mGiven ?[0m?[32mthe todo with title ?[0m?[32m?[1m"Finish US1"?[0m?[32m does not exist in the system (US1)?[0m                      ?[90m# features.US1_CreateTodoStepDefinition.the_todo_with_title_does_not_exist_in_the_system(java.lang.String)?[0m
  ?[32mWhen ?[0m?[32mI create a todo with the title ?[0m?[32m?[1m"Finish US1"?[0m?[32m and doneStatus ?[0m?[32m?[1m"true"?[0m?[32m (US1)?[0m                   ?[90m# features.US1_CreateTodoStepDefinition.i_create_a_todo_with_the_title(java.lang.String,java.lang.String)?[0m
  ?[32mThen ?[0m?[32mthe todo with title ?[0m?[32m?[1m"Finish US1"?[0m?[32m with a doneStatus ?[0m?[32m?[1m"true"?[0m?[32m shall exist in the system (US1)?[0m ?[90m# features.US1_CreateTodoStepDefinition.the_todo_with_title_with_a_doneStatus_should_be_in_the_system(java.lang.String,java.lang.String)?[0m
 ------ After Scenario ------
application stopped

Scenario Outline: Create a todo with an empty title                                                           ?[90m# src/test/resources/US1_CreateATodo.feature:37?[0m
  ?[32mGiven ?[0m?[32mthe application is running (US1)?[0m                                                                      ?[90m# features.US1_CreateTodoStepDefinition.the_todo_application_is_running()?[0m
  ?[32mWhen ?[0m?[32mI create a todo with empty title (US1)?[0m                                                                 ?[90m# features.US1_CreateTodoStepDefinition.i_create_a_todo_with_empty_title()?[0m
  ?[32mThen ?[0m?[32mthe status code shall be ?[0m?[32m?[1m400?[0m?[32m with an error message ?[0m?[32m?[1m"Failed Validation: title : can not be empty"?[0m?[32m (US1)?[0m ?[90m# features.US1_CreateTodoStepDefinition.the_todo_with_empty_title_should_not_be_in_the_system(int,java.lang.String)?[0m
 ------ After Scenario ------
application stopped

Scenario Outline: Update a todo's title and description                                           ?[90m# src/test/resources/US2_UpdateTodo.feature:21?[0m
the_todo_application_is_running
  ?[32mGiven ?[0m?[32mthe todo application is running (US2)?[0m                                                     ?[90m# features.US2_UpdateTodoStepDefinition.the_todo_application_is_running()?[0m
  ?[32mAnd ?[0m?[32mthe following todos exist in the system (US2)?[0m                                               ?[90m# features.US2_UpdateTodoStepDefinition.the_following_todos_with_title_description_doneStatus_exist_in_the_system(io.cucumber.datatable.DataTable)?[0m
    | title | description | doneStatus |
    | todo1 | not done    | false      |
    | todo2 | not done    | false      |
  ?[32mGiven ?[0m?[32ma todo with ?[0m?[32m?[1m3?[0m?[32m exists in the system (US2)?[0m                                                  ?[90m# features.US2_UpdateTodoStepDefinition.a_todo_with_id_exists_in_the_system(int)?[0m
  ?[32mWhen ?[0m?[32mI update the todo with ?[0m?[32m?[1m3?[0m?[32m with a new description ?[0m?[32m?[1m"almost done"?[0m?[32m (US2)?[0m                        ?[90m# features.US2_UpdateTodoStepDefinition.i_update_the_todo_with_id_with_a_new_description(int,java.lang.String)?[0m
  ?[32mThen ?[0m?[32mthe todo with ?[0m?[32m?[1m3?[0m?[32m should have title ?[0m?[32m?[1m"todo1"?[0m?[32m, description ?[0m?[32m?[1m"almost done"?[0m?[32m, status ?[0m?[32m?[1m"false"?[0m?[32m (US2)?[0m ?[90m# features.US2_UpdateTodoStepDefinition.the_todo_with_id_should_have_a_description(int,java.lang.String,java.lang.String,java.lang.String)?[0m
 ------ After Scenario ------
application stopped

Scenario Outline: Update a todo's title and description                                           ?[90m# src/test/resources/US2_UpdateTodo.feature:22?[0m
the_todo_application_is_running
  ?[32mGiven ?[0m?[32mthe todo application is running (US2)?[0m                                                     ?[90m# features.US2_UpdateTodoStepDefinition.the_todo_application_is_running()?[0m
  ?[32mAnd ?[0m?[32mthe following todos exist in the system (US2)?[0m                                               ?[90m# features.US2_UpdateTodoStepDefinition.the_following_todos_with_title_description_doneStatus_exist_in_the_system(io.cucumber.datatable.DataTable)?[0m
    | title | description | doneStatus |
    | todo1 | not done    | false      |
    | todo2 | not done    | false      |
  ?[32mGiven ?[0m?[32ma todo with ?[0m?[32m?[1m4?[0m?[32m exists in the system (US2)?[0m                                                  ?[90m# features.US2_UpdateTodoStepDefinition.a_todo_with_id_exists_in_the_system(int)?[0m
  ?[32mWhen ?[0m?[32mI update the todo with ?[0m?[32m?[1m4?[0m?[32m with a new description ?[0m?[32m?[1m"almost done"?[0m?[32m (US2)?[0m                        ?[90m# features.US2_UpdateTodoStepDefinition.i_update_the_todo_with_id_with_a_new_description(int,java.lang.String)?[0m
  ?[32mThen ?[0m?[32mthe todo with ?[0m?[32m?[1m4?[0m?[32m should have title ?[0m?[32m?[1m"todo2"?[0m?[32m, description ?[0m?[32m?[1m"almost done"?[0m?[32m, status ?[0m?[32m?[1m"false"?[0m?[32m (US2)?[0m ?[90m# features.US2_UpdateTodoStepDefinition.the_todo_with_id_should_have_a_description(int,java.lang.String,java.lang.String,java.lang.String)?[0m
 ------ After Scenario ------
application stopped

Scenario Outline: Mark a tasks as done                            ?[90m# src/test/resources/US2_UpdateTodo.feature:31?[0m
the_todo_application_is_running
  ?[32mGiven ?[0m?[32mthe todo application is running (US2)?[0m                     ?[90m# features.US2_UpdateTodoStepDefinition.the_todo_application_is_running()?[0m
  ?[32mAnd ?[0m?[32mthe following todos exist in the system (US2)?[0m               ?[90m# features.US2_UpdateTodoStepDefinition.the_following_todos_with_title_description_doneStatus_exist_in_the_system(io.cucumber.datatable.DataTable)?[0m
    | title | description | doneStatus |
    | todo1 | not done    | false      |
    | todo2 | not done    | false      |
  ?[32mGiven ?[0m?[32ma incomplete todo with id ?[0m?[32m?[1m3?[0m?[32m exists in the system (US2)?[0m    ?[90m# features.US2_UpdateTodoStepDefinition.a_todo_with_id_with_doneStatus_exists_in_the_system(int)?[0m
  ?[32mWhen ?[0m?[32mI update the todo with id ?[0m?[32m?[1m3?[0m?[32m with ?[0m?[32m?[1m"true"?[0m?[32m (US2)?[0m              ?[90m# features.US2_UpdateTodoStepDefinition.when_i_update_the_todo_with_id_with(int,java.lang.String)?[0m
  ?[32mThen ?[0m?[32mthe todo with ?[0m?[32m?[1m3?[0m?[32m should have an updated status ?[0m?[32m?[1m"true"?[0m?[32m (US2)?[0m ?[90m# features.US2_UpdateTodoStepDefinition.the_todo_with_id_should_have_an_updated_status(int,java.lang.String)?[0m
 ------ After Scenario ------
application stopped

Scenario Outline: Mark a tasks as done                            ?[90m# src/test/resources/US2_UpdateTodo.feature:32?[0m
the_todo_application_is_running
  ?[32mGiven ?[0m?[32mthe todo application is running (US2)?[0m                     ?[90m# features.US2_UpdateTodoStepDefinition.the_todo_application_is_running()?[0m
  ?[32mAnd ?[0m?[32mthe following todos exist in the system (US2)?[0m               ?[90m# features.US2_UpdateTodoStepDefinition.the_following_todos_with_title_description_doneStatus_exist_in_the_system(io.cucumber.datatable.DataTable)?[0m
    | title | description | doneStatus |
    | todo1 | not done    | false      |
    | todo2 | not done    | false      |
  ?[32mGiven ?[0m?[32ma incomplete todo with id ?[0m?[32m?[1m4?[0m?[32m exists in the system (US2)?[0m    ?[90m# features.US2_UpdateTodoStepDefinition.a_todo_with_id_with_doneStatus_exists_in_the_system(int)?[0m
  ?[32mWhen ?[0m?[32mI update the todo with id ?[0m?[32m?[1m4?[0m?[32m with ?[0m?[32m?[1m"true"?[0m?[32m (US2)?[0m              ?[90m# features.US2_UpdateTodoStepDefinition.when_i_update_the_todo_with_id_with(int,java.lang.String)?[0m
  ?[32mThen ?[0m?[32mthe todo with ?[0m?[32m?[1m4?[0m?[32m should have an updated status ?[0m?[32m?[1m"true"?[0m?[32m (US2)?[0m ?[90m# features.US2_UpdateTodoStepDefinition.the_todo_with_id_should_have_an_updated_status(int,java.lang.String)?[0m
 ------ After Scenario ------
application stopped

Scenario Outline: Update doneStatus to invalid value                                                ?[90m# src/test/resources/US2_UpdateTodo.feature:42?[0m
the_todo_application_is_running
  ?[32mGiven ?[0m?[32mthe todo application is running (US2)?[0m                                                       ?[90m# features.US2_UpdateTodoStepDefinition.the_todo_application_is_running()?[0m
  ?[32mAnd ?[0m?[32mthe following todos exist in the system (US2)?[0m                                                 ?[90m# features.US2_UpdateTodoStepDefinition.the_following_todos_with_title_description_doneStatus_exist_in_the_system(io.cucumber.datatable.DataTable)?[0m
    | title | description | doneStatus |
    | todo1 | not done    | false      |
    | todo2 | not done    | false      |
  ?[32mGiven ?[0m?[32ma todo with ?[0m?[32m?[1m1?[0m?[32m that exists in the system (US2)?[0m                                               ?[90m# features.US2_UpdateTodoStepDefinition.a_todo_with_id_that_exists_in_the_system(int)?[0m
  ?[32mWhen ?[0m?[32mI update the todo with id ?[0m?[32m?[1m1?[0m?[32m with invalid doneStatus ?[0m?[32m?[1m"asd"?[0m?[32m (US2)?[0m                              ?[90m# features.US2_UpdateTodoStepDefinition.i_update_the_todo_with_id_with_invalid_doneStatus(int,java.lang.String)?[0m
  ?[32mThen ?[0m?[32mI should receive a ?[0m?[32m?[1m400?[0m?[32m response with ?[0m?[32m?[1m"Failed Validation: doneStatus should be BOOLEAN"?[0m?[32m (US2)?[0m ?[90m# features.US2_UpdateTodoStepDefinition.i_should_receive_a_response_with(int,java.lang.String)?[0m
 ------ After Scenario ------
application stopped

Scenario Outline: Get all todos                                                              ?[90m# src/test/resources/US3_GetAllTodo.feature:21?[0m
the_todo_application_is_running
  ?[32mGiven ?[0m?[32mthe todo application is running (US3)?[0m                                                ?[90m# features.US3_GetAllTodoStepDefinition.the_todo_application_is_running()?[0m
  ?[32mAnd ?[0m?[32mthe following todos exist in the system (US3)?[0m                                          ?[90m# features.US3_GetAllTodoStepDefinition.the_following_todos_with_title_description_doneStatus_exist_in_the_system(io.cucumber.datatable.DataTable)?[0m
    | title | description  | doneStatus |
    | todo1 | description1 | false      |
    | todo2 | description2 | true       |
    | todo3 | description3 | false      |
  ?[32mWhen ?[0m?[32mI get all todos (US3)?[0m                                                                 ?[90m# features.US3_GetAllTodoStepDefinition.i_get_all_todos()?[0m
  ?[32mThen ?[0m?[32mthe todos with title ?[0m?[32m?[1m"todo1"?[0m?[32m, description ?[0m?[32m?[1m"description1"?[0m?[32m and doneStatus ?[0m?[32m?[1m"false"?[0m?[32m (US3)?[0m ?[90m# features.US3_GetAllTodoStepDefinition.the_todos_with_title_description_and_doneStatus(java.lang.String,java.lang.String,java.lang.String)?[0m
 ------ After Scenario ------
application stopped

Scenario Outline: Get all todos                                                             ?[90m# src/test/resources/US3_GetAllTodo.feature:22?[0m
the_todo_application_is_running
  ?[32mGiven ?[0m?[32mthe todo application is running (US3)?[0m                                               ?[90m# features.US3_GetAllTodoStepDefinition.the_todo_application_is_running()?[0m
  ?[32mAnd ?[0m?[32mthe following todos exist in the system (US3)?[0m                                         ?[90m# features.US3_GetAllTodoStepDefinition.the_following_todos_with_title_description_doneStatus_exist_in_the_system(io.cucumber.datatable.DataTable)?[0m
    | title | description  | doneStatus |
    | todo1 | description1 | false      |
    | todo2 | description2 | true       |
    | todo3 | description3 | false      |
  ?[32mWhen ?[0m?[32mI get all todos (US3)?[0m                                                                ?[90m# features.US3_GetAllTodoStepDefinition.i_get_all_todos()?[0m
  ?[32mThen ?[0m?[32mthe todos with title ?[0m?[32m?[1m"todo2"?[0m?[32m, description ?[0m?[32m?[1m"description2"?[0m?[32m and doneStatus ?[0m?[32m?[1m"true"?[0m?[32m (US3)?[0m ?[90m# features.US3_GetAllTodoStepDefinition.the_todos_with_title_description_and_doneStatus(java.lang.String,java.lang.String,java.lang.String)?[0m
 ------ After Scenario ------
application stopped

Scenario Outline: Get all todos                                                              ?[90m# src/test/resources/US3_GetAllTodo.feature:23?[0m
the_todo_application_is_running
  ?[32mGiven ?[0m?[32mthe todo application is running (US3)?[0m                                                ?[90m# features.US3_GetAllTodoStepDefinition.the_todo_application_is_running()?[0m
  ?[32mAnd ?[0m?[32mthe following todos exist in the system (US3)?[0m                                          ?[90m# features.US3_GetAllTodoStepDefinition.the_following_todos_with_title_description_doneStatus_exist_in_the_system(io.cucumber.datatable.DataTable)?[0m
    | title | description  | doneStatus |
    | todo1 | description1 | false      |
    | todo2 | description2 | true       |
    | todo3 | description3 | false      |
  ?[32mWhen ?[0m?[32mI get all todos (US3)?[0m                                                                 ?[90m# features.US3_GetAllTodoStepDefinition.i_get_all_todos()?[0m
  ?[32mThen ?[0m?[32mthe todos with title ?[0m?[32m?[1m"todo3"?[0m?[32m, description ?[0m?[32m?[1m"description3"?[0m?[32m and doneStatus ?[0m?[32m?[1m"false"?[0m?[32m (US3)?[0m ?[90m# features.US3_GetAllTodoStepDefinition.the_todos_with_title_description_and_doneStatus(java.lang.String,java.lang.String,java.lang.String)?[0m
 ------ After Scenario ------
application stopped

Scenario Outline: Get all todos with a specific status                                                  ?[90m# src/test/resources/US3_GetAllTodo.feature:32?[0m
the_todo_application_is_running
  ?[32mGiven ?[0m?[32mthe todo application is running (US3)?[0m                                                           ?[90m# features.US3_GetAllTodoStepDefinition.the_todo_application_is_running()?[0m
  ?[32mAnd ?[0m?[32mthe following todos exist in the system (US3)?[0m                                                     ?[90m# features.US3_GetAllTodoStepDefinition.the_following_todos_with_title_description_doneStatus_exist_in_the_system(io.cucumber.datatable.DataTable)?[0m
    | title | description  | doneStatus |
    | todo1 | description1 | false      |
    | todo2 | description2 | true       |
    | todo3 | description3 | false      |
  ?[32mWhen ?[0m?[32mI get all todos with status doneStatus ?[0m?[32m?[1m"false"?[0m?[32m (US3)?[0m                                             ?[90m# features.US3_GetAllTodoStepDefinition.i_get_all_todos_with_status_doneStatus(java.lang.String)?[0m
  ?[32mThen ?[0m?[32mI should see 2 todos (US3)?[0m                                                                       ?[90m# features.US3_GetAllTodoStepDefinition.i_should_see_2_todos()?[0m
  ?[32mThen ?[0m?[32mthe todos with title ?[0m?[32m?[1m"todo1"?[0m?[32m, description ?[0m?[32m?[1m"description1"?[0m?[32m and incomplete doneStatus ?[0m?[32m?[1m"false"?[0m?[32m (US3)?[0m ?[90m# features.US3_GetAllTodoStepDefinition.the_todos_with_title_description_and_incompleted_doneStatus(java.lang.String,java.lang.String,java.lang.String)?[0m
 ------ After Scenario ------
application stopped

Scenario Outline: Get all todos with a specific status                                                  ?[90m# src/test/resources/US3_GetAllTodo.feature:33?[0m
the_todo_application_is_running
  ?[32mGiven ?[0m?[32mthe todo application is running (US3)?[0m                                                           ?[90m# features.US3_GetAllTodoStepDefinition.the_todo_application_is_running()?[0m
  ?[32mAnd ?[0m?[32mthe following todos exist in the system (US3)?[0m                                                     ?[90m# features.US3_GetAllTodoStepDefinition.the_following_todos_with_title_description_doneStatus_exist_in_the_system(io.cucumber.datatable.DataTable)?[0m
    | title | description  | doneStatus |
    | todo1 | description1 | false      |
    | todo2 | description2 | true       |
    | todo3 | description3 | false      |
  ?[32mWhen ?[0m?[32mI get all todos with status doneStatus ?[0m?[32m?[1m"false"?[0m?[32m (US3)?[0m                                             ?[90m# features.US3_GetAllTodoStepDefinition.i_get_all_todos_with_status_doneStatus(java.lang.String)?[0m
  ?[32mThen ?[0m?[32mI should see 2 todos (US3)?[0m                                                                       ?[90m# features.US3_GetAllTodoStepDefinition.i_should_see_2_todos()?[0m
  ?[32mThen ?[0m?[32mthe todos with title ?[0m?[32m?[1m"todo3"?[0m?[32m, description ?[0m?[32m?[1m"description3"?[0m?[32m and incomplete doneStatus ?[0m?[32m?[1m"false"?[0m?[32m (US3)?[0m ?[90m# features.US3_GetAllTodoStepDefinition.the_todos_with_title_description_and_incompleted_doneStatus(java.lang.String,java.lang.String,java.lang.String)?[0m
 ------ After Scenario ------
application stopped

Scenario Outline: Get all todos with the wrong endpoint ?[90m# src/test/resources/US3_GetAllTodo.feature:41?[0m
the_todo_application_is_running
  ?[32mGiven ?[0m?[32mthe todo application is running (US3)?[0m           ?[90m# features.US3_GetAllTodoStepDefinition.the_todo_application_is_running()?[0m
  ?[32mAnd ?[0m?[32mthe following todos exist in the system (US3)?[0m     ?[90m# features.US3_GetAllTodoStepDefinition.the_following_todos_with_title_description_doneStatus_exist_in_the_system(io.cucumber.datatable.DataTable)?[0m
    | title | description  | doneStatus |
    | todo1 | description1 | false      |
    | todo2 | description2 | true       |
    | todo3 | description3 | false      |
  ?[32mWhen ?[0m?[32mI get all todos with mistyped endpoint (US3)?[0m     ?[90m# features.US3_GetAllTodoStepDefinition.i_get_all_todos_with_mistyped_endpoint()?[0m
  ?[32mThen ?[0m?[32mI should receive an error code ?[0m?[32m?[1m404?[0m?[32m (US3)?[0m         ?[90m# features.US3_GetAllTodoStepDefinition.i_should_see_an_error_code(int)?[0m
 ------ After Scenario ------
application stopped

Scenario Outline: Delete a completed todo                                ?[90m# src/test/resources/US4_DeleteATodo.feature:22?[0m
the_todo_application_is_running
  ?[32mGiven ?[0m?[32mthe todo application is running (US4)?[0m                            ?[90m# features.US4_DeleteATodoStepDefinition.the_todo_application_is_running()?[0m
  ?[32mGiven ?[0m?[32mthe completed todo with id ?[0m?[32m?[1m3?[0m?[32m exists in the system (US4)?[0m          ?[90m# features.US4_DeleteATodoStepDefinition.a_todo_with_id_exists_in_the_system(int)?[0m
  ?[32mAnd ?[0m?[32mthe following completed todos exist in the system (US4)?[0m            ?[90m# features.US4_DeleteATodoStepDefinition.the_following_todos_with_title_description_doneStatus_exist_in_the_system(io.cucumber.datatable.DataTable)?[0m
    | title | description  | doneStatus |
    | todo1 | description1 | true       |
    | todo2 | description2 | true       |
  ?[32mWhen ?[0m?[32mI delete the completed todo with id ?[0m?[32m?[1m3?[0m?[32m (US4)?[0m                       ?[90m# features.US4_DeleteATodoStepDefinition.i_delete_the_todo_with_id(int)?[0m
  ?[32mThen ?[0m?[32mthe completed todo with id ?[0m?[32m?[1m3?[0m?[32m should not exist in the system (US4)?[0m ?[90m# features.US4_DeleteATodoStepDefinition.the_todo_with_id_should_not_exist_in_the_system(int)?[0m
  ?[32mThen ?[0m?[32mthere should be 1 todo in the system (US4)?[0m                        ?[90m# features.US4_DeleteATodoStepDefinition.there_should_be_1_todos_in_the_system()?[0m
 ------ After Scenario ------
application stopped

Scenario Outline: Delete an incompleted todo                               ?[90m# src/test/resources/US4_DeleteATodo.feature:36?[0m
the_todo_application_is_running
  ?[32mGiven ?[0m?[32mthe todo application is running (US4)?[0m                              ?[90m# features.US4_DeleteATodoStepDefinition.the_todo_application_is_running()?[0m
  ?[32mGiven ?[0m?[32mthe incompleted todo with id ?[0m?[32m?[1m3?[0m?[32m exists in the system (US4)?[0m          ?[90m# features.US4_DeleteATodoStepDefinition.the_incompleted_todo_with_id_id_exists_in_the_system(int)?[0m
  ?[32mAnd ?[0m?[32mthe following incompleted todos exist in the system (US4)?[0m            ?[90m# features.US4_DeleteATodoStepDefinition.the_following_incompleted_todos_with_title_description_doneStatus_exist_in_the_system(io.cucumber.datatable.DataTable)?[0m
    | title | description  | doneStatus |
    | todo1 | description1 | false      |
    | todo2 | description2 | false      |
  ?[32mWhen ?[0m?[32mI delete the incompleted todo with id ?[0m?[32m?[1m3?[0m?[32m (US4)?[0m                       ?[90m# features.US4_DeleteATodoStepDefinition.i_delete_the_incompleted_todo_with_id(int)?[0m
  ?[32mThen ?[0m?[32mthe incompleted todo with id ?[0m?[32m?[1m3?[0m?[32m should not exist in the system (US4)?[0m ?[90m# features.US4_DeleteATodoStepDefinition.the_incompleted_todo_with_id_should_not_exist_in_the_system(int)?[0m
  ?[32mThen ?[0m?[32mthere should be 1 todo in the current system (US4)?[0m                  ?[90m# features.US4_DeleteATodoStepDefinition.there_should_be_1_incompleted_todo_in_the_current_system()?[0m
 ------ After Scenario ------
application stopped

Scenario Outline: Delete a todo that does not exist                                                                   ?[90m# src/test/resources/US4_DeleteATodo.feature:46?[0m
the_todo_application_is_running
  ?[32mGiven ?[0m?[32mthe todo application is running (US4)?[0m                                                                         ?[90m# features.US4_DeleteATodoStepDefinition.the_todo_application_is_running()?[0m
  ?[32mGiven ?[0m?[32mthe todo with id ?[0m?[32m?[1m10?[0m?[32m does not exist in the system (US4)?[0m                                                        ?[90m# features.US4_DeleteATodoStepDefinition.a_todo_with_id_does_not_exist_in_the_system(int)?[0m
  ?[32mWhen ?[0m?[32mI delete the todo with inexistant id ?[0m?[32m?[1m10?[0m?[32m (US4)?[0m                                                                  ?[90m# features.US4_DeleteATodoStepDefinition.i_delete_the_todo_with_inexistant_id(int)?[0m
  ?[32mThen ?[0m?[32mI should receive a status code ?[0m?[32m?[1m404?[0m?[32m and see an error message ?[0m?[32m?[1m"Could not find any instances with todos/10"?[0m?[32m (US4)?[0m ?[90m# features.US4_DeleteATodoStepDefinition.then_i_should_receive_a_status_code_and_see_an_error_message(int,java.lang.String)?[0m
 ------ After Scenario ------
application stopped

Scenario Outline: Get a specific todo that                                                                   ?[90m# src/test/resources/US5_GetSpecificTodo.feature:24?[0m
the_todo_application_is_running
  ?[32mGiven ?[0m?[32mthe todo application is running (US5)?[0m                                                                ?[90m# features.US5_GetASpecificTodoStepDefinition.the_todo_application_is_running()?[0m
  ?[32mAnd ?[0m?[32mthe following todos exist in the system: (US5)?[0m                                                         ?[90m# features.US5_GetASpecificTodoStepDefinition.the_following_todos_with_title_description_doneStatus_exist_in_the_system(io.cucumber.datatable.DataTable)?[0m
    | title                | description  | doneStatus |
    | todo1                | description1 | false      |
    | todo2                | description2 | true       |
    | todo3                | description3 | false      |
    | emptyDescriptionTodo | [empty]      | false      |
  ?[32mGiven ?[0m?[32mthe todo with id ?[0m?[32m?[1m3?[0m?[32m exists in the system (US5)?[0m                                                        ?[90m# features.US5_GetASpecificTodoStepDefinition.a_todo_with_id_exists_in_the_system(int)?[0m
  ?[32mWhen ?[0m?[32mI get the todo with id ?[0m?[32m?[1m3?[0m?[32m (US5)?[0m                                                                        ?[90m# features.US5_GetASpecificTodoStepDefinition.i_get_the_todo_with_id(int)?[0m
  ?[32mThen ?[0m?[32mI should get a todo with id ?[0m?[32m?[1m3?[0m?[32m, title ?[0m?[32m?[1m"todo1"?[0m?[32m, description ?[0m?[32m?[1m"description1"?[0m?[32m and doneStatus ?[0m?[32m?[1m"false"?[0m?[32m (US5)?[0m ?[90m# features.US5_GetASpecificTodoStepDefinition.the_todo_with_id_should_have_title_description_status(int,java.lang.String,java.lang.String,java.lang.String)?[0m
 ------ After Scenario ------
application stopped

[...]
    | title     | description   | completed | active |
    | project 1 | description 1 | false     | false  |
    | project 2 | description 2 | true      | true   |
    | project 3 | description 3 | false     | true   |
  ?[32mWhen ?[0m?[32mI get all projects (US7)?[0m                                                                                   ?[90m# features.US7_GetAllProjectsStepDefinition.i_get_all_projects()?[0m
  ?[32mThen ?[0m?[32mthe projects with title ?[0m?[32m?[1m"project 2"?[0m?[32m, description ?[0m?[32m?[1m"description 2"?[0m?[32m, completed ?[0m?[32m?[1m"true"?[0m?[32m and active ?[0m?[32m?[1m"true"?[0m?[32m (US7)?[0m ?[90m# features.US7_GetAllProjectsStepDefinition.the_todos_with_title_description_and_doneStatus(java.lang.String,java.lang.String,java.lang.String,java.lang.String)?[0m
 ------ After Scenario ------
application stopped

Scenario Outline: Get all projects                                                                                 ?[90m# src/test/resources/US7_GetAllProjects.feature:23?[0m
  ?[32mGiven ?[0m?[32mthe project application is running (US7)?[0m                                                                   ?[90m# features.US7_GetAllProjectsStepDefinition.the_project_application_is_running()?[0m
  ?[32mAnd ?[0m?[32mthe following projects exist in the system (US7)?[0m                                                             ?[90m# features.US7_GetAllProjectsStepDefinition.the_following_projects_exist_in_the_system(io.cucumber.datatable.DataTable)?[0m
    | title     | description   | completed | active |
    | project 1 | description 1 | false     | false  |
    | project 2 | description 2 | true      | true   |
    | project 3 | description 3 | false     | true   |
  ?[32mWhen ?[0m?[32mI get all projects (US7)?[0m                                                                                    ?[90m# features.US7_GetAllProjectsStepDefinition.i_get_all_projects()?[0m
  ?[32mThen ?[0m?[32mthe projects with title ?[0m?[32m?[1m"project 3"?[0m?[32m, description ?[0m?[32m?[1m"description 3"?[0m?[32m, completed ?[0m?[32m?[1m"false"?[0m?[32m and active ?[0m?[32m?[1m"true"?[0m?[32m (US7)?[0m ?[90m# features.US7_GetAllProjectsStepDefinition.the_todos_with_title_description_and_doneStatus(java.lang.String,java.lang.String,java.lang.String,java.lang.String)?[0m
 ------ After Scenario ------
application stopped

Scenario Outline: Get all projects with completed is true                                        ?[90m# src/test/resources/US7_GetAllProjects.feature:32?[0m
  ?[32mGiven ?[0m?[32mthe project application is running (US7)?[0m                                                 ?[90m# features.US7_GetAllProjectsStepDefinition.the_project_application_is_running()?[0m
  ?[32mAnd ?[0m?[32mthe following projects exist in the system (US7)?[0m                                           ?[90m# features.US7_GetAllProjectsStepDefinition.the_following_projects_exist_in_the_system(io.cucumber.datatable.DataTable)?[0m
    | title     | description   | completed | active |
    | project 1 | description 1 | false     | false  |
    | project 2 | description 2 | true      | true   |
    | project 3 | description 3 | false     | true   |
  ?[32mWhen ?[0m?[32mI get all projects with completed is true (US7)?[0m                                           ?[90m# features.US7_GetAllProjectsStepDefinition.i_get_all_projects_with_completed_true()?[0m
  ?[32mThen ?[0m?[32mI should see 1 project (US7)?[0m                                                              ?[90m# features.US7_GetAllProjectsStepDefinition.i_should_see_1_project()?[0m
  ?[32mThen ?[0m?[32mthe projects with title ?[0m?[32m?[1m"project 2"?[0m?[32m, description ?[0m?[32m?[1m"description 2"?[0m?[32m, and active ?[0m?[32m?[1m"true"?[0m?[32m (US7)?[0m ?[90m# features.US7_GetAllProjectsStepDefinition.the_projects_with_title_description_completecTrue_active(java.lang.String,java.lang.String,java.lang.String)?[0m
 ------ After Scenario ------
application stopped

Scenario Outline: Get all projects with the wrong endpoint ?[90m# src/test/resources/US7_GetAllProjects.feature:40?[0m
  ?[32mGiven ?[0m?[32mthe project application is running (US7)?[0m           ?[90m# features.US7_GetAllProjectsStepDefinition.the_project_application_is_running()?[0m
  ?[32mAnd ?[0m?[32mthe following projects exist in the system (US7)?[0m     ?[90m# features.US7_GetAllProjectsStepDefinition.the_following_projects_exist_in_the_system(io.cucumber.datatable.DataTable)?[0m
    | title     | description   | completed | active |
    | project 1 | description 1 | false     | false  |
    | project 2 | description 2 | true      | true   |
    | project 3 | description 3 | false     | true   |
  ?[32mWhen ?[0m?[32mI get all projects with mistyped endpoint (US7)?[0m     ?[90m# features.US7_GetAllProjectsStepDefinition.i_get_all_projects_with_mistyped_endpoint()?[0m
  ?[32mThen ?[0m?[32mI should receive error code ?[0m?[32m?[1m404?[0m?[32m (US7)?[0m               ?[90m# features.US7_GetAllProjectsStepDefinition.i_should_see_error_code(int)?[0m
 ------ After Scenario ------
application stopped

Scenario Outline: Delete an active project                               ?[90m# src/test/resources/US8_DeleteProject.feature:22?[0m
  ?[32mGiven ?[0m?[32mthe project application is running (US8)?[0m                         ?[90m# features.US8_DeleteProjectStepDefinition.the_project_application_is_running()?[0m
  ?[32mGiven ?[0m?[32mthe active project with id ?[0m?[32m?[1m2?[0m?[32m exists in the system (US8)?[0m          ?[90m# features.US8_DeleteProjectStepDefinition.active_project_with_id_exists_in_the_system(int)?[0m
  ?[32mAnd ?[0m?[32mthe following active projects exist in the system (US8)?[0m            ?[90m# features.US8_DeleteProjectStepDefinition.the_following_active_projects_exist_in_the_system(io.cucumber.datatable.DataTable)?[0m
    | id | title          | description        | completed | active |
    | 2  | first project  | description proj 1 | true      | true   |
    | 3  | second project | description proj 2 | false     | true   |
  ?[32mWhen ?[0m?[32mI delete the active project with id ?[0m?[32m?[1m2?[0m?[32m (US8)?[0m                       ?[90m# features.US8_DeleteProjectStepDefinition.i_delete_the_project_with_id(int)?[0m
  ?[32mThen ?[0m?[32mthe active project with id ?[0m?[32m?[1m2?[0m?[32m should not exist in the system (US8)?[0m ?[90m# features.US8_DeleteProjectStepDefinition.the_active_project_with_id_should_not_exist_in_the_system(int)?[0m
  ?[32mThen ?[0m?[32mthere should be 1 active project in the system (US8)?[0m              ?[90m# features.US8_DeleteProjectStepDefinition.there_should_be_1_active_project_in_the_system()?[0m
 ------ After Scenario ------
application stopped

Scenario Outline: Delete a completed project                                ?[90m# src/test/resources/US8_DeleteProject.feature:36?[0m
  ?[32mGiven ?[0m?[32mthe project application is running (US8)?[0m                            ?[90m# features.US8_DeleteProjectStepDefinition.the_project_application_is_running()?[0m
  ?[32mGiven ?[0m?[32mthe completed project with id ?[0m?[32m?[1m2?[0m?[32m exists in the system (US8)?[0m          ?[90m# features.US8_DeleteProjectStepDefinition.the_completed_project_with_id_id_exists_in_the_system(int)?[0m
  ?[32mAnd ?[0m?[32mthe following completed projects exist in the system (US8)?[0m            ?[90m# features.US8_DeleteProjectStepDefinition.the_following_completed_projects_exist_in_the_system(io.cucumber.datatable.DataTable)?[0m
    | title  | description        | completed | active |
    | proj 1 | first description  | true      | false  |
    | proj 2 | second description | true      | true   |
  ?[32mWhen ?[0m?[32mI delete the completed project with id ?[0m?[32m?[1m2?[0m?[32m (US8)?[0m                       ?[90m# features.US8_DeleteProjectStepDefinition.i_delete_the_completed_project_with_id(int)?[0m
  ?[32mThen ?[0m?[32mthe completed project with id ?[0m?[32m?[1m2?[0m?[32m should not exist in the system (US8)?[0m ?[90m# features.US8_DeleteProjectStepDefinition.the_completed_project_with_id_should_not_exist_in_the_system(int)?[0m
  ?[32mThen ?[0m?[32mthere should be 1 project in the current system (US8)?[0m                ?[90m# features.US8_DeleteProjectStepDefinition.there_should_be_one_project_in_the_current_system()?[0m
 ------ After Scenario ------
application stopped

Scenario Outline: Delete a project that does not exist                                                                   ?[90m# src/test/resources/US8_DeleteProject.feature:46?[0m
  ?[32mGiven ?[0m?[32mthe project application is running (US8)?[0m                                                                         ?[90m# features.US8_DeleteProjectStepDefinition.the_project_application_is_running()?[0m
  ?[32mGiven ?[0m?[32mthe project with id ?[0m?[32m?[1m10?[0m?[32m does not exist in the system (US8)?[0m                                                        ?[90m# features.US8_DeleteProjectStepDefinition.a_project_with_id_does_not_exist_in_the_system(int)?[0m
  ?[32mWhen ?[0m?[32mI delete the project with inexistant id ?[0m?[32m?[1m10?[0m?[32m (US8)?[0m                                                                  ?[90m# features.US8_DeleteProjectStepDefinition.i_delete_the_project_with_inexistant_id(int)?[0m
  ?[32mThen ?[0m?[32mI should receive a status code ?[0m?[32m?[1m404?[0m?[32m and see an error message ?[0m?[32m?[1m"Could not find any instances with projects/10"?[0m?[32m (US8)?[0m ?[90m# features.US8_DeleteProjectStepDefinition.then_i_should_receive_a_status_code_and_see_an_error_message_proj(int,java.lang.String)?[0m
 ------ After Scenario ------
application stopped

Scenario Outline: Get a specific project                                                                                       ?[90m# src/test/resources/US9_GetSpecificProject.feature:24?[0m
  ?[32mGiven ?[0m?[32mthe project application is running (US9)?[0m                                                                               ?[90m# features.US9_GetSpecificProjectStepDefinition.the_project_application_is_running()?[0m
  ?[32mAnd ?[0m?[32mthe following projects exist in the system: (US9)?[0m                                                                        ?[90m# features.US9_GetSpecificProjectStepDefinition.the_following_projectss_exist_in_the_system(io.cucumber.datatable.DataTable)?[0m
    | title       | description    | completed | active |
    | first proj  | fun proj       | false     | true   |
    | second proj | boring proj    | true      | false  |
    | third proj  | super fun proj | false     | false  |
    | fourth proj | [empty]        | true      | true   |
  ?[32mGiven ?[0m?[32mthe project with id ?[0m?[32m?[1m2?[0m?[32m exists in the system (US9)?[0m                                                                       ?[90m# features.US9_GetSpecificProjectStepDefinition.a_project_with_id_exists_in_the_system(int)?[0m
  ?[32mWhen ?[0m?[32mI get the project with id ?[0m?[32m?[1m2?[0m?[32m (US9)?[0m                                                                                       ?[90m# features.US9_GetSpecificProjectStepDefinition.i_get_the_project_with_id(int)?[0m
  ?[32mThen ?[0m?[32mI should get a project with id ?[0m?[32m?[1m2?[0m?[32m, title ?[0m?[32m?[1m"first proj"?[0m?[32m, description ?[0m?[32m?[1m"fun proj"?[0m?[32m, completed ?[0m?[32m?[1m"false"?[0m?[32m and active ?[0m?[32m?[1m"true"?[0m?[32m (US9)?[0m ?[90m# features.US9_GetSpecificProjectStepDefinition.the_project_with_id_should_have_title_description_completed_active(int,java.lang.String,java.lang.String,java.lang.String,java.lang.String)?[0m
 ------ After Scenario ------
application stopped

Scenario Outline: Get a specific project                                                                                           ?[90m# src/test/resources/US9_GetSpecificProject.feature:25?[0m
  ?[32mGiven ?[0m?[32mthe project application is running (US9)?[0m                                                                                   ?[90m# features.US9_GetSpecificProjectStepDefinition.the_project_application_is_running()?[0m
  ?[32mAnd ?[0m?[32mthe following projects exist in the system: (US9)?[0m                                                                            ?[90m# features.US9_GetSpecificProjectStepDefinition.the_following_projectss_exist_in_the_system(io.cucumber.datatable.DataTable)?[0m
    | title       | description    | completed | active |
    | first proj  | fun proj       | false     | true   |
    | second proj | boring proj    | true      | false  |
    | third proj  | super fun proj | false     | false  |
    | fourth proj | [empty]        | true      | true   |
  ?[32mGiven ?[0m?[32mthe project with id ?[0m?[32m?[1m3?[0m?[32m exists in the system (US9)?[0m                                                                           ?[90m# features.US9_GetSpecificProjectStepDefinition.a_project_with_id_exists_in_the_system(int)?[0m
  ?[32mWhen ?[0m?[32mI get the project with id ?[0m?[32m?[1m3?[0m?[32m (US9)?[0m                                                                                           ?[90m# features.US9_GetSpecificProjectStepDefinition.i_get_the_project_with_id(int)?[0m
  ?[32mThen ?[0m?[32mI should get a project with id ?[0m?[32m?[1m3?[0m?[32m, title ?[0m?[32m?[1m"second proj"?[0m?[32m, description ?[0m?[32m?[1m"boring proj"?[0m?[32m, completed ?[0m?[32m?[1m"true"?[0m?[32m and active ?[0m?[32m?[1m"false"?[0m?[32m (US9)?[0m ?[90m# features.US9_GetSpecificProjectStepDefinition.the_project_with_id_should_have_title_description_completed_active(int,java.lang.String,java.lang.String,java.lang.String,java.lang.String)?[0m
 ------ After Scenario ------
application stopped

Scenario Outline: Get a specific project                                                                                              ?[90m# src/test/resources/US9_GetSpecificProject.feature:26?[0m
  ?[32mGiven ?[0m?[32mthe project application is running (US9)?[0m                                                                                      ?[90m# features.US9_GetSpecificProjectStepDefinition.the_project_application_is_running()?[0m
  ?[32mAnd ?[0m?[32mthe following projects exist in the system: (US9)?[0m                                                                               ?[90m# features.US9_GetSpecificProjectStepDefinition.the_following_projectss_exist_in_the_system(io.cucumber.datatable.DataTable)?[0m
    | title       | description    | completed | active |
    | first proj  | fun proj       | false     | true   |
    | second proj | boring proj    | true      | false  |
    | third proj  | super fun proj | false     | false  |
    | fourth proj | [empty]        | true      | true   |
  ?[32mGiven ?[0m?[32mthe project with id ?[0m?[32m?[1m4?[0m?[32m exists in the system (US9)?[0m                                                                              ?[90m# features.US9_GetSpecificProjectStepDefinition.a_project_with_id_exists_in_the_system(int)?[0m
  ?[32mWhen ?[0m?[32mI get the project with id ?[0m?[32m?[1m4?[0m?[32m (US9)?[0m                                                                                              ?[90m# features.US9_GetSpecificProjectStepDefinition.i_get_the_project_with_id(int)?[0m
  ?[32mThen ?[0m?[32mI should get a project with id ?[0m?[32m?[1m4?[0m?[32m, title ?[0m?[32m?[1m"third proj"?[0m?[32m, description ?[0m?[32m?[1m"super fun proj"?[0m?[32m, completed ?[0m?[32m?[1m"false"?[0m?[32m and active ?[0m?[32m?[1m"false"?[0m?[32m (US9)?[0m ?[90m# features.US9_GetSpecificProjectStepDefinition.the_project_with_id_should_have_title_description_completed_active(int,java.lang.String,java.lang.String,java.lang.String,java.lang.String)?[0m
 ------ After Scenario ------
application stopped

Scenario Outline: Get a project that has an empty description                                                                                        ?[90m# src/test/resources/US9_GetSpecificProject.feature:36?[0m
  ?[32mGiven ?[0m?[32mthe project application is running (US9)?[0m                                                                                                     ?[90m# features.US9_GetSpecificProjectStepDefinition.the_project_application_is_running()?[0m
  ?[32mAnd ?[0m?[32mthe following projects exist in the system: (US9)?[0m                                                                                              ?[90m# features.US9_GetSpecificProjectStepDefinition.the_following_projectss_exist_in_the_system(io.cucumber.datatable.DataTable)?[0m
    | title       | description    | completed | active |
    | first proj  | fun proj       | false     | true   |
    | second proj | boring proj    | true      | false  |
    | third proj  | super fun proj | false     | false  |
    | fourth proj | [empty]        | true      | true   |
  ?[32mGiven ?[0m?[32mthe project with id ?[0m?[32m?[1m5?[0m?[32m and no description exists in the system (US9)?[0m                                                                          ?[90m# features.US9_GetSpecificProjectStepDefinition.the_project_with_id_and_no_description_exists_in_the_system(int)?[0m
  ?[32mWhen ?[0m?[32mI get the project with id ?[0m?[32m?[1m5?[0m?[32m that has no description (US9)?[0m                                                                                     ?[90m# features.US9_GetSpecificProjectStepDefinition.i_get_the_project_with_id_that_has_no_description(int)?[0m
  ?[32mThen ?[0m?[32mI should get a project that has an empty description with id ?[0m?[32m?[1m5?[0m?[32m, title ?[0m?[32m?[1m"fourth proj"?[0m?[32m, description ?[0m?[32m?[1m""?[0m?[32m, completed ?[0m?[32m?[1m"true"?[0m?[32m and active ?[0m?[32m?[1m"true"?[0m?[32m (US9)?[0m ?[90m# features.US9_GetSpecificProjectStepDefinition.i_should_get_a_project_that_has_an_empty_description_with_id_title_description_completed_active(int,java.lang.String,java.lang.String,java.lang.String,java.lang.String)?[0m
 ------ After Scenario ------
application stopped

Scenario Outline: Get a project that does not exist                                                                 ?[90m# src/test/resources/US9_GetSpecificProject.feature:48?[0m
  ?[32mGiven ?[0m?[32mthe project application is running (US9)?[0m                                                                    ?[90m# features.US9_GetSpecificProjectStepDefinition.the_project_application_is_running()?[0m
  ?[32mAnd ?[0m?[32mthe following projects exist in the system: (US9)?[0m                                                             ?[90m# features.US9_GetSpecificProjectStepDefinition.the_following_projectss_exist_in_the_system(io.cucumber.datatable.DataTable)?[0m
    | title       | description    | completed | active |
    | first proj  | fun proj       | false     | true   |
    | second proj | boring proj    | true      | false  |
    | third proj  | super fun proj | false     | false  |
    | fourth proj | [empty]        | true      | true   |
  ?[32mGiven ?[0m?[32mthe project with id ?[0m?[32m?[1m100?[0m?[32m does not exist in the system (US9)?[0m                                                  ?[90m# features.US9_GetSpecificProjectStepDefinition.the_project_with_id_does_not_exist_in_the_system(int)?[0m
  ?[32mWhen ?[0m?[32mI get the project with invalid id ?[0m?[32m?[1m100?[0m?[32m (US9)?[0m                                                                  ?[90m# features.US9_GetSpecificProjectStepDefinition.i_get_the_project_with_invalid_id(int)?[0m
null
  ?[32mThen ?[0m?[32mI should receive a ?[0m?[32m?[1m404?[0m?[32m status code and an error message ?[0m?[32m?[1m"Could not find an instance with projects/100"?[0m?[32m (US9)?[0m ?[90m# features.US9_GetSpecificProjectStepDefinition.i_should_get_a_status_code_(int,java.lang.String)?[0m
 ------ After Scenario ------
application stopped
]]></system-out>
  <system-err><![CDATA[]]></system-err>
</testsuite>
